select customer.c_name, nation.n_comment from customer join nation on nation.n_nationkey=customer.c_nationkey where nation.n_comment > '168.03';
select customer.c_acctbal from customer where customer.c_comment <= 'packages nag furiously. carefully unusual accounts snooze according to the fluffily regular pinto beans. slyly spec' and customer.c_comment != 'cajole slyly about the regular theodolites! furiously bold requests nag along the pending, regular packages. somas' and customer.c_acctbal <= 7603.40 order by customer.c_acctbal DESC;
select supplier.s_address, nation.n_regionkey, partsupp.ps_suppkey, sum(nation.n_nationkey), max(supplier.s_suppkey) from nation join supplier on supplier.s_nationkey=nation.n_nationkey join partsupp on partsupp.ps_suppkey=supplier.s_suppkey group by supplier.s_address, nation.n_regionkey, partsupp.ps_suppkey having max(supplier.s_suppkey) > 10;
select orders.o_orderdate, lineitem.l_quantity, partsupp.ps_partkey from partsupp join lineitem on lineitem.l_suppkey=partsupp.ps_suppkey join orders on orders.o_orderkey=lineitem.l_orderkey;
select lineitem.l_returnflag, orders.o_comment, customer.c_nationkey from customer join orders on orders.o_custkey=customer.c_custkey join lineitem on lineitem.l_orderkey=orders.o_orderkey where lineitem.l_commitdate != '1998-05-11' and lineitem.l_extendedprice < 72186.68 and lineitem.l_shipdate != '1994-01-10' and lineitem.l_quantity <= 36 and orders.o_orderpriority > '1-URGENT       ';
select supplier.s_address, nation.n_comment, count(supplier.s_address) from nation join supplier on supplier.s_nationkey=nation.n_nationkey group by supplier.s_address, nation.n_comment having count(supplier.s_address) <= 8;
select region.r_regionkey from region order by region.r_regionkey ASC;
select part.p_type, partsupp.ps_supplycost, sum(partsupp.ps_partkey) from partsupp, part group by part.p_type, partsupp.ps_supplycost;
select partsupp.ps_suppkey, part.p_retailprice from part, partsupp order by partsupp.ps_suppkey ASC;
select lineitem.l_partkey, part.p_comment, partsupp.ps_partkey from lineitem join partsupp on partsupp.ps_suppkey=lineitem.l_suppkey join part on part.p_partkey=partsupp.ps_partkey order by part.p_comment DESC;
select lineitem.l_tax, partsupp.ps_availqty, max(lineitem.l_receiptdate) from lineitem join partsupp on partsupp.ps_suppkey=lineitem.l_suppkey group by lineitem.l_tax, partsupp.ps_availqty;
select partsupp.ps_partkey, orders.o_orderdate, lineitem.l_shipdate, part.p_type from orders join lineitem on lineitem.l_orderkey=orders.o_orderkey join partsupp on partsupp.ps_suppkey=lineitem.l_suppkey join part on part.p_partkey=partsupp.ps_partkey;
select lineitem.l_commitdate, partsupp.ps_partkey, nation.n_regionkey, orders.o_orderstatus, supplier.s_name, count(orders.o_comment) from orders, lineitem, partsupp, supplier, nation group by lineitem.l_commitdate, partsupp.ps_partkey, nation.n_regionkey, orders.o_orderstatus, supplier.s_name order by orders.o_orderstatus DESC, lineitem.l_commitdate ASC, nation.n_regionkey DESC, supplier.s_name ASC, partsupp.ps_partkey ASC;
select nation.n_name, region.r_comment from region join nation on nation.n_regionkey=region.r_regionkey;
select orders.o_custkey, lineitem.l_suppkey, partsupp.ps_comment, customer.c_address from partsupp, lineitem, orders, customer;
select region.r_comment from region order by region.r_comment DESC;
select part.p_name from part;
select region.r_name, nation.n_comment from nation join region on region.r_regionkey=nation.n_regionkey;
select lineitem.l_receiptdate, partsupp.ps_supplycost from lineitem, partsupp where lineitem.l_comment = ' theodolites. i';
select region.r_name, sum(region.r_regionkey) from region where region.r_name >= '7630' group by region.r_name order by region.r_name ASC;
select part.p_size from part where part.p_size > 39 and part.p_name <= 'white sky antique tomato chartreuse' order by part.p_size ASC;
select part.p_size, partsupp.ps_supplycost, avg(partsupp.ps_partkey) from partsupp join part on part.p_partkey=partsupp.ps_partkey group by part.p_size, partsupp.ps_supplycost order by avg(partsupp.ps_partkey) ASC;
select nation.n_nationkey, supplier.s_name, max(nation.n_comment) from supplier, nation group by nation.n_nationkey, supplier.s_name;
select lineitem.l_tax, partsupp.ps_availqty from partsupp join lineitem on lineitem.l_suppkey=partsupp.ps_suppkey order by partsupp.ps_availqty DESC;
select nation.n_nationkey, region.r_regionkey from nation join region on region.r_regionkey=nation.n_regionkey;
select nation.n_regionkey, customer.c_name, avg(customer.c_nationkey), count(nation.n_nationkey) from customer join nation on nation.n_nationkey=customer.c_nationkey group by nation.n_regionkey, customer.c_name having avg(customer.c_nationkey) > 6 and count(nation.n_nationkey) < 9;
select customer.c_address from customer where customer.c_phone != '25-923-255-2929';
select customer.c_comment, nation.n_name, region.r_regionkey from customer, nation, region;
select nation.n_name from nation order by nation.n_name ASC;
select orders.o_shippriority, partsupp.ps_partkey, lineitem.l_linenumber from orders, lineitem, partsupp order by partsupp.ps_partkey DESC;
select nation.n_name from nation order by nation.n_name ASC;
select part.p_name, count(part.p_mfgr) from part group by part.p_name order by count(part.p_mfgr) ASC;
select supplier.s_name from supplier;
select orders.o_custkey, lineitem.l_orderkey, customer.c_address, supplier.s_address, nation.n_comment, avg(orders.o_orderkey) from supplier join nation on nation.n_nationkey=supplier.s_nationkey join customer on customer.c_nationkey=nation.n_nationkey join orders on orders.o_custkey=customer.c_custkey join lineitem on lineitem.l_orderkey=orders.o_orderkey where orders.o_orderstatus <= 'P' and lineitem.l_linestatus >= 'F' and lineitem.l_discount <= 0.07 group by orders.o_custkey, lineitem.l_orderkey, customer.c_address, supplier.s_address, nation.n_comment order by orders.o_custkey ASC, customer.c_address DESC, lineitem.l_orderkey DESC;
select customer.c_custkey, nation.n_name, supplier.s_acctbal, min(supplier.s_acctbal) from customer join nation on nation.n_nationkey=customer.c_nationkey join supplier on supplier.s_nationkey=nation.n_nationkey where supplier.s_suppkey != 1 group by customer.c_custkey, nation.n_name, supplier.s_acctbal having min(supplier.s_acctbal) > 4192.40 order by min(supplier.s_acctbal) DESC;
select customer.c_mktsegment, nation.n_nationkey from customer, nation where customer.c_comment > 'ic platelets use evenly even accounts. stealthy theodolites cajole furiou';
select region.r_name from region order by region.r_name ASC;
select partsupp.ps_comment from partsupp where partsupp.ps_suppkey > 175 and partsupp.ps_comment < 'efully among the fluffily even accounts! requests are slyly ag' and partsupp.ps_comment > 'brave accounts cajole according to the final platelets. furiously final dolphins across the furi';
select region.r_name, nation.n_name from region, nation order by region.r_name ASC;
select nation.n_nationkey, region.r_name from region, nation order by region.r_name ASC;
select orders.o_orderdate, lineitem.l_shipdate, partsupp.ps_availqty from partsupp, lineitem, orders;
select supplier.s_suppkey, customer.c_comment, partsupp.ps_partkey, nation.n_comment from partsupp join supplier on supplier.s_suppkey=partsupp.ps_suppkey join nation on nation.n_nationkey=supplier.s_nationkey join customer on customer.c_nationkey=nation.n_nationkey where nation.n_nationkey >  instructions. unusual, even Tiresi;
select lineitem.l_commitdate, partsupp.ps_availqty, sum(partsupp.ps_supplycost) from lineitem, partsupp group by lineitem.l_commitdate, partsupp.ps_availqty order by sum(partsupp.ps_supplycost) DESC;
select supplier.s_acctbal from supplier where supplier.s_phone >= '20-403-398-8662' and supplier.s_acctbal != 1365.79;
select lineitem.l_tax, orders.o_orderstatus, count(lineitem.l_linestatus) from orders join lineitem on lineitem.l_orderkey=orders.o_orderkey group by lineitem.l_tax, orders.o_orderstatus having count(lineitem.l_linestatus) > 6 order by lineitem.l_tax ASC, orders.o_orderstatus DESC;
select partsupp.ps_supplycost, nation.n_nationkey, supplier.s_acctbal from nation join supplier on supplier.s_nationkey=nation.n_nationkey join partsupp on partsupp.ps_suppkey=supplier.s_suppkey;
select nation.n_comment from nation order by nation.n_comment DESC;
select region.r_comment, nation.n_regionkey, min(region.r_comment) from region join nation on nation.n_regionkey=region.r_regionkey group by region.r_comment, nation.n_regionkey;
select customer.c_custkey, orders.o_orderdate from customer, orders order by orders.o_orderdate DESC, customer.c_custkey DESC;
select orders.o_clerk, customer.c_mktsegment, lineitem.l_tax, nation.n_nationkey from lineitem, orders, customer, nation order by customer.c_mktsegment DESC;
select partsupp.ps_partkey from partsupp order by partsupp.ps_partkey DESC;
select lineitem.l_tax, orders.o_shippriority, partsupp.ps_availqty from orders join lineitem on lineitem.l_orderkey=orders.o_orderkey join partsupp on partsupp.ps_suppkey=lineitem.l_suppkey;
select nation.n_name, supplier.s_address, partsupp.ps_availqty, max(partsupp.ps_comment) from partsupp, supplier, nation group by nation.n_name, supplier.s_address, partsupp.ps_availqty having max(partsupp.ps_comment) >= 'ly according to the ironic requests-- slyly final accounts print carefully depths? pending, unusual accounts solve ' order by supplier.s_address DESC, nation.n_name DESC;
select nation.n_comment, region.r_regionkey, min(region.r_comment) from region, nation group by nation.n_comment, region.r_regionkey having min(region.r_comment) != 'part' order by region.r_regionkey ASC;
select supplier.s_suppkey, partsupp.ps_comment, min(partsupp.ps_suppkey) from partsupp join supplier on supplier.s_suppkey=partsupp.ps_suppkey where partsupp.ps_partkey != 185 group by supplier.s_suppkey, partsupp.ps_comment order by supplier.s_suppkey DESC;
select partsupp.ps_suppkey, part.p_type from part join partsupp on partsupp.ps_partkey=part.p_partkey where part.p_mfgr < 'Manufacturer#2           ';
select supplier.s_phone, nation.n_nationkey from nation, supplier where supplier.s_suppkey != 5 order by supplier.s_phone DESC;
select supplier.s_acctbal, partsupp.ps_availqty from partsupp, supplier;
select nation.n_nationkey, partsupp.ps_suppkey, region.r_comment, part.p_size, supplier.s_acctbal, avg(region.r_regionkey) from part join partsupp on partsupp.ps_partkey=part.p_partkey join supplier on supplier.s_suppkey=partsupp.ps_suppkey join nation on nation.n_nationkey=supplier.s_nationkey join region on region.r_regionkey=nation.n_regionkey group by nation.n_nationkey, partsupp.ps_suppkey, region.r_comment, part.p_size, supplier.s_acctbal;
select lineitem.l_linestatus, orders.o_custkey from orders, lineitem where lineitem.l_returnflag > 'N';
select lineitem.l_discount, orders.o_shippriority, partsupp.ps_suppkey, max(orders.o_clerk) from orders, lineitem, partsupp group by lineitem.l_discount, orders.o_shippriority, partsupp.ps_suppkey;
select supplier.s_address, partsupp.ps_partkey, avg(partsupp.ps_partkey) from partsupp, supplier group by supplier.s_address, partsupp.ps_partkey order by supplier.s_address DESC, partsupp.ps_partkey ASC;
select customer.c_custkey, nation.n_nationkey, max(nation.n_name) from nation join customer on customer.c_nationkey=nation.n_nationkey group by customer.c_custkey, nation.n_nationkey having max(nation.n_name) = 'customer.c_custkey';
select customer.c_address, orders.o_orderpriority from orders, customer order by customer.c_address ASC, orders.o_orderpriority DESC;
select part.p_name from part order by part.p_name ASC;
select partsupp.ps_suppkey from partsupp;
select supplier.s_phone from supplier;
select customer.c_address from customer;
select lineitem.l_shipdate from lineitem;
select lineitem.l_orderkey, count(lineitem.l_linenumber) from lineitem where lineitem.l_orderkey = 3491 group by lineitem.l_orderkey having count(lineitem.l_linenumber) > 8;
select nation.n_name, customer.c_comment from customer join nation on nation.n_nationkey=customer.c_nationkey;
select lineitem.l_comment, customer.c_acctbal, nation.n_name, orders.o_shippriority, count(nation.n_comment) from nation, customer, orders, lineitem where customer.c_comment >= ' the special packages hinder blithely around the permanent requests. bold depos' group by lineitem.l_comment, customer.c_acctbal, nation.n_name, orders.o_shippriority;
select lineitem.l_commitdate from lineitem;
select nation.n_nationkey, customer.c_acctbal, region.r_comment from region, nation, customer;
select customer.c_mktsegment, max(customer.c_address) from customer group by customer.c_mktsegment;
select supplier.s_phone, part.p_partkey, partsupp.ps_partkey, min(partsupp.ps_comment) from part, partsupp, supplier group by supplier.s_phone, part.p_partkey, partsupp.ps_partkey;
select part.p_size, partsupp.ps_availqty from partsupp, part where partsupp.ps_supplycost = 107.03 order by part.p_size ASC;
select supplier.s_nationkey, region.r_regionkey, nation.n_comment from region join nation on nation.n_regionkey=region.r_regionkey join supplier on supplier.s_nationkey=nation.n_nationkey where supplier.s_address > ' N kD4on9OM Ipw3,gf0JBoQDd7tgrzrddZ';
select part.p_type from part where part.p_container <= 'MED DRUM  ';
select lineitem.l_linenumber from lineitem order by lineitem.l_linenumber DESC;
select supplier.s_name, partsupp.ps_supplycost from partsupp join supplier on supplier.s_suppkey=partsupp.ps_suppkey;
select part.p_mfgr, partsupp.ps_comment from part, partsupp where part.p_size > 17;
select nation.n_nationkey, max(nation.n_comment), count(nation.n_name) from nation group by nation.n_nationkey having max(nation.n_comment) > 'region' order by count(nation.n_name) DESC, max(nation.n_comment) ASC;
select nation.n_comment, customer.c_name from customer, nation order by nation.n_comment ASC, customer.c_name DESC;
select nation.n_comment, supplier.s_address, max(nation.n_comment) from supplier join nation on nation.n_nationkey=supplier.s_nationkey group by nation.n_comment, supplier.s_address order by supplier.s_address DESC, nation.n_comment DESC;
select lineitem.l_orderkey, partsupp.ps_comment from lineitem join partsupp on partsupp.ps_suppkey=lineitem.l_suppkey where lineitem.l_comment >= 'se quickly above the even, express reques' order by lineitem.l_orderkey DESC, partsupp.ps_comment ASC;
select partsupp.ps_comment, part.p_size from partsupp join part on part.p_partkey=partsupp.ps_partkey order by partsupp.ps_comment ASC;
select lineitem.l_tax, orders.o_orderstatus from orders join lineitem on lineitem.l_orderkey=orders.o_orderkey where orders.o_orderstatus <= 'P';
select customer.c_nationkey from customer where customer.c_comment < 'ainst the ironic, express theodolites. express, even pinto beans among the exp' and customer.c_custkey != 126 and customer.c_custkey > 55;
select lineitem.l_linestatus, partsupp.ps_comment from partsupp join lineitem on lineitem.l_suppkey=partsupp.ps_suppkey where lineitem.l_shipinstruct >= 'TAKE BACK RETURN         ' and lineitem.l_linenumber > 5;
select lineitem.l_discount, partsupp.ps_availqty, max(partsupp.ps_supplycost) from lineitem join partsupp on partsupp.ps_suppkey=lineitem.l_suppkey group by lineitem.l_discount, partsupp.ps_availqty having max(partsupp.ps_supplycost) > 374.02;
select lineitem.l_suppkey, customer.c_comment, nation.n_nationkey, partsupp.ps_partkey, orders.o_orderstatus from partsupp join lineitem on lineitem.l_suppkey=partsupp.ps_suppkey join orders on orders.o_orderkey=lineitem.l_orderkey join customer on customer.c_custkey=orders.o_custkey join nation on nation.n_nationkey=customer.c_nationkey where orders.o_orderpriority > '3-MEDIUM       ' and lineitem.l_shipinstruct < 'NONE                     ' order by lineitem.l_suppkey DESC, orders.o_orderstatus ASC, nation.n_nationkey DESC, partsupp.ps_partkey ASC;
select supplier.s_phone, partsupp.ps_availqty from partsupp join supplier on supplier.s_suppkey=partsupp.ps_suppkey;
select supplier.s_comment, nation.n_name from supplier join nation on nation.n_nationkey=supplier.s_nationkey order by nation.n_name ASC;
select orders.o_shippriority, customer.c_phone from customer, orders where customer.c_address > 'iVyg0daQ,Tha8x2WPWA9m2529m' order by orders.o_shippriority ASC, customer.c_phone ASC;
select customer.c_nationkey, nation.n_regionkey from nation, customer;
select customer.c_phone, nation.n_nationkey from nation join customer on customer.c_nationkey=nation.n_nationkey;
select customer.c_phone from customer where customer.c_custkey >= 149 and customer.c_mktsegment != 'MACHINERY ';
select customer.c_phone, nation.n_regionkey from nation join customer on customer.c_nationkey=nation.n_nationkey where customer.c_mktsegment > 'MACHINERY ' order by nation.n_regionkey ASC;
select part.p_type, partsupp.ps_availqty, lineitem.l_extendedprice from lineitem, partsupp, part where lineitem.l_suppkey >= 376;
select nation.n_nationkey, supplier.s_acctbal, max(nation.n_regionkey), min(supplier.s_phone) from nation join supplier on supplier.s_nationkey=nation.n_nationkey group by nation.n_nationkey, supplier.s_acctbal order by nation.n_nationkey DESC, supplier.s_acctbal DESC;
select part.p_retailprice, partsupp.ps_partkey, lineitem.l_returnflag from part, partsupp, lineitem order by part.p_retailprice ASC, partsupp.ps_partkey DESC;
select lineitem.l_suppkey, partsupp.ps_availqty from lineitem join partsupp on partsupp.ps_suppkey=lineitem.l_suppkey where lineitem.l_suppkey != 413 and lineitem.l_orderkey != 2240;
select lineitem.l_orderkey, nation.n_regionkey, customer.c_acctbal, orders.o_orderpriority, avg(customer.c_custkey) from lineitem, orders, customer, nation where lineitem.l_commitdate >= '1996-01-31' group by lineitem.l_orderkey, nation.n_regionkey, customer.c_acctbal, orders.o_orderpriority having avg(customer.c_custkey) <= 102;
select nation.n_nationkey from nation order by nation.n_nationkey ASC;
select region.r_regionkey from region where region.r_name > '20392.58' and region.r_name = 'kages. final, unusual accounts c' order by region.r_regionkey ASC;
select supplier.s_acctbal from supplier order by supplier.s_acctbal ASC;
select partsupp.ps_availqty, nation.n_regionkey, supplier.s_acctbal, region.r_regionkey from region, nation, supplier, partsupp;
select supplier.s_phone from supplier;
select orders.o_orderpriority, avg(orders.o_totalprice) from orders where orders.o_orderpriority < '5-LOW          ' and orders.o_totalprice != 70362.10 group by orders.o_orderpriority having avg(orders.o_totalprice) <= 137172.27 order by orders.o_orderpriority DESC;
select supplier.s_comment, nation.n_nationkey from nation join supplier on supplier.s_nationkey=nation.n_nationkey;
select customer.c_comment, min(customer.c_mktsegment), count(customer.c_phone) from customer group by customer.c_comment having min(customer.c_mktsegment) != 'HOUSEHOLD ';
select part.p_comment, nation.n_nationkey, supplier.s_comment, partsupp.ps_suppkey from part, partsupp, supplier, nation;
select partsupp.ps_comment, part.p_retailprice from partsupp, part order by part.p_retailprice DESC, partsupp.ps_comment ASC;
select customer.c_nationkey, nation.n_comment from nation, customer where nation.n_regionkey > 49177.33;
select part.p_container from part order by part.p_container DESC;
select customer.c_name, orders.o_orderpriority, nation.n_name, min(orders.o_custkey) from nation, customer, orders group by customer.c_name, orders.o_orderpriority, nation.n_name order by orders.o_orderpriority DESC, customer.c_name DESC;
select orders.o_custkey from orders;
select partsupp.ps_comment from partsupp where partsupp.ps_suppkey <= 902 and partsupp.ps_comment < 'pains are fluffily about the fluffily pending asymptot' order by partsupp.ps_comment DESC;
select nation.n_name from nation;
select orders.o_totalprice, lineitem.l_commitdate from lineitem, orders;
select supplier.s_name from supplier order by supplier.s_name ASC;
select orders.o_orderpriority, lineitem.l_linenumber from lineitem join orders on orders.o_orderkey=lineitem.l_orderkey order by orders.o_orderpriority ASC;
select nation.n_name, max(nation.n_regionkey), count(nation.n_comment) from nation group by nation.n_name order by nation.n_name DESC;
select orders.o_orderpriority, customer.c_nationkey from customer join orders on orders.o_custkey=customer.c_custkey;
select lineitem.l_orderkey, customer.c_mktsegment, orders.o_orderkey from lineitem join orders on orders.o_orderkey=lineitem.l_orderkey join customer on customer.c_custkey=orders.o_custkey;
select supplier.s_address, nation.n_name from supplier, nation;
select part.p_mfgr from part where part.p_type < 'MEDIUM BRUSHED BRASS' order by part.p_mfgr DESC;
select customer.c_address, orders.o_shippriority, region.r_regionkey, nation.n_nationkey from region, nation, customer, orders;
select partsupp.ps_suppkey, supplier.s_phone from supplier join partsupp on partsupp.ps_suppkey=supplier.s_suppkey order by supplier.s_phone ASC, partsupp.ps_suppkey DESC;
select region.r_regionkey from region;
select orders.o_orderkey, lineitem.l_shipmode from lineitem join orders on orders.o_orderkey=lineitem.l_orderkey order by orders.o_orderkey ASC;
select lineitem.l_shipinstruct, customer.c_nationkey, supplier.s_address, orders.o_orderpriority, partsupp.ps_supplycost from customer, orders, lineitem, partsupp, supplier order by customer.c_nationkey ASC, orders.o_orderpriority ASC, lineitem.l_shipinstruct DESC;
select partsupp.ps_availqty, part.p_retailprice, count(partsupp.ps_availqty) from part, partsupp group by partsupp.ps_availqty, part.p_retailprice order by count(partsupp.ps_availqty) DESC;
select partsupp.ps_supplycost, supplier.s_comment from supplier, partsupp order by supplier.s_comment ASC;
select nation.n_nationkey, region.r_regionkey from region join nation on nation.n_regionkey=region.r_regionkey;
select lineitem.l_commitdate, orders.o_shippriority, sum(orders.o_custkey) from lineitem, orders group by lineitem.l_commitdate, orders.o_shippriority;
select lineitem.l_shipdate from lineitem;
select lineitem.l_suppkey from lineitem where lineitem.l_tax <= 0.08 order by lineitem.l_suppkey ASC;
select region.r_name from region where region.r_regionkey != 9623;
select lineitem.l_linenumber from lineitem;
select nation.n_nationkey, region.r_regionkey, max(nation.n_name), count(nation.n_name) from nation join region on region.r_regionkey=nation.n_regionkey group by nation.n_nationkey, region.r_regionkey having max(nation.n_name) > 'lineitem' order by nation.n_nationkey ASC;
select orders.o_orderdate, customer.c_phone from customer, orders order by orders.o_orderdate ASC, customer.c_phone ASC;
select partsupp.ps_supplycost, part.p_retailprice from part join partsupp on partsupp.ps_partkey=part.p_partkey order by part.p_retailprice ASC;
select partsupp.ps_supplycost from partsupp;
select part.p_container, min(part.p_type) from part where part.p_partkey < 107 group by part.p_container;
select customer.c_custkey, nation.n_name from nation join customer on customer.c_nationkey=nation.n_nationkey order by customer.c_custkey ASC, nation.n_name ASC;
select customer.c_nationkey, orders.o_orderstatus, nation.n_name, count(orders.o_orderstatus) from orders, customer, nation group by customer.c_nationkey, orders.o_orderstatus, nation.n_name having count(orders.o_orderstatus) != 3 order by count(orders.o_orderstatus) ASC;
select supplier.s_comment from supplier where supplier.s_acctbal = 4032.68 order by supplier.s_comment DESC;
select supplier.s_name, part.p_container, partsupp.ps_supplycost from part, partsupp, supplier order by supplier.s_name DESC;
select nation.n_name, customer.c_comment from customer, nation order by customer.c_comment DESC, nation.n_name DESC;
select supplier.s_suppkey, min(supplier.s_acctbal) from supplier where supplier.s_address > 'Saygah3gYWMp72i PY' and supplier.s_comment != 's unwind silently furiously regular courts. final requests are deposits. requests wake quietly blit' group by supplier.s_suppkey having min(supplier.s_acctbal) < 5302.37 order by min(supplier.s_acctbal) DESC;
select region.r_regionkey, nation.n_regionkey from nation join region on region.r_regionkey=nation.n_regionkey where nation.n_nationkey > odolites. carefully unusual ideas accor order by region.r_regionkey ASC, nation.n_regionkey ASC;
select nation.n_name, customer.c_nationkey, max(nation.n_comment) from customer join nation on nation.n_nationkey=customer.c_nationkey group by nation.n_name, customer.c_nationkey;
select orders.o_comment from orders;
select partsupp.ps_suppkey, lineitem.l_shipmode, supplier.s_nationkey from lineitem join partsupp on partsupp.ps_suppkey=lineitem.l_suppkey join supplier on supplier.s_suppkey=partsupp.ps_suppkey where supplier.s_name <= 'Supplier#000000010       ' order by partsupp.ps_suppkey ASC, lineitem.l_shipmode DESC, supplier.s_nationkey DESC;
select lineitem.l_shipdate, orders.o_clerk, partsupp.ps_availqty, sum(partsupp.ps_suppkey) from partsupp, lineitem, orders group by lineitem.l_shipdate, orders.o_clerk, partsupp.ps_availqty order by sum(partsupp.ps_suppkey) DESC;
select orders.o_clerk from orders;
select part.p_type, partsupp.ps_supplycost from partsupp, part order by partsupp.ps_supplycost DESC, part.p_type DESC;
select nation.n_nationkey, supplier.s_comment, region.r_name from region join nation on nation.n_regionkey=region.r_regionkey join supplier on supplier.s_nationkey=nation.n_nationkey;
select supplier.s_name from supplier;
select region.r_regionkey from region where region.r_name <= 's the furio';
select region.r_comment, supplier.s_name, nation.n_regionkey from region join nation on nation.n_regionkey=region.r_regionkey join supplier on supplier.s_nationkey=nation.n_nationkey order by region.r_comment ASC, nation.n_regionkey DESC;
select lineitem.l_shipinstruct, partsupp.ps_partkey from partsupp, lineitem;
select partsupp.ps_availqty, supplier.s_name from partsupp join supplier on supplier.s_suppkey=partsupp.ps_suppkey where partsupp.ps_availqty <= 2952;
select orders.o_totalprice, lineitem.l_comment from lineitem join orders on orders.o_orderkey=lineitem.l_orderkey;
select part.p_container, partsupp.ps_availqty from part join partsupp on partsupp.ps_partkey=part.p_partkey order by part.p_container ASC, partsupp.ps_availqty ASC;
select lineitem.l_discount, max(lineitem.l_comment), count(lineitem.l_receiptdate) from lineitem group by lineitem.l_discount order by lineitem.l_discount ASC;
select customer.c_address, nation.n_nationkey from customer join nation on nation.n_nationkey=customer.c_nationkey order by customer.c_address DESC, nation.n_nationkey ASC;
select lineitem.l_partkey from lineitem;
select nation.n_regionkey, region.r_regionkey from region join nation on nation.n_regionkey=region.r_regionkey where region.r_comment > '14692' and region.r_name >= '956';
select part.p_partkey from part order by part.p_partkey ASC;
select customer.c_nationkey, count(customer.c_comment), count(customer.c_phone) from customer group by customer.c_nationkey order by count(customer.c_comment) DESC, count(customer.c_phone) ASC;
select nation.n_name, max(nation.n_name) from nation group by nation.n_name having max(nation.n_name) <= 'supplier';
select part.p_container, max(part.p_type), count(part.p_type) from part group by part.p_container;
select part.p_size from part where part.p_type != 'STANDARD BURNISHED TIN' order by part.p_size ASC;
select part.p_type from part order by part.p_type ASC;
select orders.o_custkey from orders where orders.o_totalprice = 200507.79;
select region.r_comment, customer.c_address, nation.n_regionkey, count(region.r_name) from customer join nation on nation.n_nationkey=customer.c_nationkey join region on region.r_regionkey=nation.n_regionkey group by region.r_comment, customer.c_address, nation.n_regionkey;
select nation.n_regionkey, region.r_name, max(region.r_regionkey), max(region.r_comment) from nation, region where region.r_regionkey = 10210.96 group by nation.n_regionkey, region.r_name order by max(region.r_comment) DESC, max(region.r_regionkey) ASC;
select orders.o_orderdate from orders where orders.o_totalprice != 315228.81 order by orders.o_orderdate DESC;
select customer.c_custkey, orders.o_comment, nation.n_name, supplier.s_acctbal, count(nation.n_nationkey) from orders, customer, nation, supplier group by customer.c_custkey, orders.o_comment, nation.n_name, supplier.s_acctbal having count(nation.n_nationkey) > 8;
select customer.c_name from customer order by customer.c_name ASC;
select orders.o_totalprice from orders;
select nation.n_comment, region.r_comment, max(region.r_comment) from region join nation on nation.n_regionkey=region.r_regionkey group by nation.n_comment, region.r_comment order by max(region.r_comment) ASC;
select partsupp.ps_comment from partsupp order by partsupp.ps_comment ASC;
select partsupp.ps_availqty, supplier.s_comment from supplier, partsupp where partsupp.ps_suppkey < 291 order by partsupp.ps_availqty DESC;
select customer.c_nationkey, nation.n_name, min(nation.n_comment) from customer join nation on nation.n_nationkey=customer.c_nationkey where customer.c_name >= 'Customer#000000148' group by customer.c_nationkey, nation.n_name;
select region.r_comment, nation.n_name from nation join region on region.r_regionkey=nation.n_regionkey order by region.r_comment ASC, nation.n_name DESC;
select orders.o_orderpriority, nation.n_nationkey, customer.c_mktsegment from orders, customer, nation;
select lineitem.l_shipdate, orders.o_orderdate, customer.c_comment, nation.n_comment from nation, customer, orders, lineitem order by lineitem.l_shipdate ASC, nation.n_comment ASC, orders.o_orderdate DESC;
select supplier.s_address, lineitem.l_extendedprice, orders.o_orderpriority, partsupp.ps_availqty from supplier join partsupp on partsupp.ps_suppkey=supplier.s_suppkey join lineitem on lineitem.l_suppkey=partsupp.ps_suppkey join orders on orders.o_orderkey=lineitem.l_orderkey where partsupp.ps_supplycost >= 236.07 order by lineitem.l_extendedprice ASC, partsupp.ps_availqty DESC;
select part.p_name from part;
select supplier.s_nationkey, nation.n_nationkey, part.p_size, partsupp.ps_comment, sum(part.p_partkey) from part join partsupp on partsupp.ps_partkey=part.p_partkey join supplier on supplier.s_suppkey=partsupp.ps_suppkey join nation on nation.n_nationkey=supplier.s_nationkey group by supplier.s_nationkey, nation.n_nationkey, part.p_size, partsupp.ps_comment order by supplier.s_nationkey ASC;
select nation.n_name, customer.c_phone from nation join customer on customer.c_nationkey=nation.n_nationkey where nation.n_regionkey <= furiously pending requests are ruthles and nation.n_nationkey > 426 and nation.n_name = 'Clerk#000000250';
select nation.n_regionkey, customer.c_phone from customer, nation where nation.n_name = '70073.60' and customer.c_acctbal <= 9468.34 and customer.c_name = 'Customer#000000008' order by customer.c_phone DESC, nation.n_regionkey ASC;
select customer.c_name from customer order by customer.c_name ASC;
select part.p_mfgr from part;
select orders.o_orderkey, max(orders.o_shippriority) from orders group by orders.o_orderkey;
select lineitem.l_tax, partsupp.ps_comment, supplier.s_comment from lineitem, partsupp, supplier order by supplier.s_comment ASC;
select customer.c_acctbal from customer order by customer.c_acctbal ASC;
select nation.n_name, supplier.s_nationkey from nation join supplier on supplier.s_nationkey=nation.n_nationkey;
select partsupp.ps_availqty, part.p_type, sum(partsupp.ps_availqty) from partsupp, part where partsupp.ps_partkey = 6 group by partsupp.ps_availqty, part.p_type having sum(partsupp.ps_availqty) != 7975 order by sum(partsupp.ps_availqty) ASC;
select customer.c_comment, region.r_regionkey, nation.n_nationkey from region join nation on nation.n_regionkey=region.r_regionkey join customer on customer.c_nationkey=nation.n_nationkey;
select customer.c_address, nation.n_nationkey, region.r_comment, orders.o_shippriority from orders join customer on customer.c_custkey=orders.o_custkey join nation on nation.n_nationkey=customer.c_nationkey join region on region.r_regionkey=nation.n_regionkey;
select supplier.s_comment, nation.n_nationkey, max(supplier.s_phone) from supplier join nation on nation.n_nationkey=supplier.s_nationkey group by supplier.s_comment, nation.n_nationkey;
select orders.o_totalprice, count(orders.o_custkey) from orders group by orders.o_totalprice order by orders.o_totalprice ASC;
select lineitem.l_tax, partsupp.ps_suppkey, orders.o_totalprice, min(orders.o_orderdate) from orders join lineitem on lineitem.l_orderkey=orders.o_orderkey join partsupp on partsupp.ps_suppkey=lineitem.l_suppkey group by lineitem.l_tax, partsupp.ps_suppkey, orders.o_totalprice order by min(orders.o_orderdate) ASC;
select region.r_name, nation.n_name from region, nation order by nation.n_name ASC, region.r_name DESC;
select nation.n_name from nation;
select lineitem.l_extendedprice, orders.o_orderpriority from orders join lineitem on lineitem.l_orderkey=orders.o_orderkey order by lineitem.l_extendedprice DESC, orders.o_orderpriority DESC;
select part.p_size from part where part.p_mfgr > 'Manufacturer#3           ' order by part.p_size DESC;
select customer.c_phone, orders.o_orderdate from orders join customer on customer.c_custkey=orders.o_custkey order by customer.c_phone ASC;
select supplier.s_acctbal, region.r_comment, nation.n_nationkey from supplier join nation on nation.n_nationkey=supplier.s_nationkey join region on region.r_regionkey=nation.n_regionkey order by nation.n_nationkey DESC, region.r_comment ASC;
select region.r_name, nation.n_nationkey from nation join region on region.r_regionkey=nation.n_regionkey order by region.r_name DESC, nation.n_nationkey ASC;
select lineitem.l_tax, part.p_type, partsupp.ps_availqty from lineitem join partsupp on partsupp.ps_suppkey=lineitem.l_suppkey join part on part.p_partkey=partsupp.ps_partkey;
select lineitem.l_quantity, partsupp.ps_availqty from lineitem, partsupp order by lineitem.l_quantity ASC;
select nation.n_nationkey, region.r_comment, supplier.s_comment from supplier, nation, region;
select supplier.s_phone, region.r_comment, nation.n_comment, count(supplier.s_nationkey) from supplier, nation, region where supplier.s_acctbal > 4641.08 group by supplier.s_phone, region.r_comment, nation.n_comment order by count(supplier.s_nationkey) DESC;
select lineitem.l_shipdate, partsupp.ps_suppkey from partsupp, lineitem;
select nation.n_regionkey, region.r_regionkey, count(nation.n_comment), avg(region.r_regionkey) from nation join region on region.r_regionkey=nation.n_regionkey group by nation.n_regionkey, region.r_regionkey;
select orders.o_orderkey, customer.c_nationkey from customer, orders where customer.c_mktsegment > 'FURNITURE ' and orders.o_orderkey = 4967 order by customer.c_nationkey ASC;
select partsupp.ps_availqty, max(partsupp.ps_partkey) from partsupp group by partsupp.ps_availqty having max(partsupp.ps_partkey) = 187;
select orders.o_orderdate, lineitem.l_orderkey from lineitem, orders;
select customer.c_acctbal, orders.o_custkey, lineitem.l_shipmode, supplier.s_suppkey, partsupp.ps_suppkey from customer, orders, lineitem, partsupp, supplier order by supplier.s_suppkey ASC, orders.o_custkey DESC, lineitem.l_shipmode ASC;
select orders.o_shippriority, nation.n_name, customer.c_acctbal, sum(orders.o_custkey) from orders join customer on customer.c_custkey=orders.o_custkey join nation on nation.n_nationkey=customer.c_nationkey group by orders.o_shippriority, nation.n_name, customer.c_acctbal order by sum(orders.o_custkey) ASC;
select nation.n_regionkey, region.r_name from region join nation on nation.n_regionkey=region.r_regionkey;
select orders.o_totalprice, min(orders.o_custkey), count(orders.o_totalprice) from orders group by orders.o_totalprice having count(orders.o_totalprice) = 7 order by count(orders.o_totalprice) DESC;
select orders.o_clerk, customer.c_mktsegment from customer join orders on orders.o_custkey=customer.c_custkey;
select lineitem.l_commitdate, partsupp.ps_supplycost, part.p_comment, max(part.p_brand) from lineitem, partsupp, part group by lineitem.l_commitdate, partsupp.ps_supplycost, part.p_comment order by max(part.p_brand) DESC;
select region.r_comment, nation.n_nationkey, count(region.r_name) from region join nation on nation.n_regionkey=region.r_regionkey group by region.r_comment, nation.n_nationkey;
select customer.c_comment from customer where customer.c_phone <= '18-385-235-7162' order by customer.c_comment DESC;
select supplier.s_name, partsupp.ps_comment from partsupp join supplier on supplier.s_suppkey=partsupp.ps_suppkey order by partsupp.ps_comment ASC;
select partsupp.ps_partkey from partsupp where partsupp.ps_suppkey >= 142;
select part.p_name, supplier.s_suppkey, partsupp.ps_partkey, count(supplier.s_comment) from supplier join partsupp on partsupp.ps_suppkey=supplier.s_suppkey join part on part.p_partkey=partsupp.ps_partkey group by part.p_name, supplier.s_suppkey, partsupp.ps_partkey order by count(supplier.s_comment) ASC;
select supplier.s_name, region.r_name, nation.n_regionkey from region join nation on nation.n_regionkey=region.r_regionkey join supplier on supplier.s_nationkey=nation.n_nationkey order by supplier.s_name ASC, region.r_name DESC;
select supplier.s_name, lineitem.l_receiptdate, partsupp.ps_availqty from supplier join partsupp on partsupp.ps_suppkey=supplier.s_suppkey join lineitem on lineitem.l_suppkey=partsupp.ps_suppkey order by lineitem.l_receiptdate ASC, partsupp.ps_availqty DESC;
select orders.o_orderdate from orders;
select nation.n_nationkey from nation;
select part.p_name from part where part.p_name >= 'bisque sienna hot goldenrod khaki';
select lineitem.l_linestatus from lineitem order by lineitem.l_linestatus DESC;
select region.r_comment, max(region.r_regionkey) from region group by region.r_comment;
select part.p_name from part;
select region.r_regionkey from region order by region.r_regionkey DESC;
select supplier.s_name from supplier order by supplier.s_name ASC;
select region.r_comment from region where region.r_regionkey > the ironic, final theodo;
select part.p_partkey, partsupp.ps_suppkey, max(partsupp.ps_comment) from part join partsupp on partsupp.ps_partkey=part.p_partkey where part.p_size != 21 group by part.p_partkey, partsupp.ps_suppkey;
select customer.c_address, orders.o_totalprice from orders, customer order by customer.c_address ASC;
select orders.o_shippriority, lineitem.l_returnflag, min(orders.o_shippriority) from lineitem join orders on orders.o_orderkey=lineitem.l_orderkey group by orders.o_shippriority, lineitem.l_returnflag;
select lineitem.l_discount, orders.o_orderkey, max(lineitem.l_receiptdate) from lineitem, orders where lineitem.l_discount < 0.09 group by lineitem.l_discount, orders.o_orderkey;
select orders.o_shippriority, lineitem.l_orderkey from lineitem, orders where lineitem.l_commitdate > '1993-12-11' order by lineitem.l_orderkey ASC;
select orders.o_custkey, lineitem.l_shipinstruct from lineitem, orders where lineitem.l_discount < 0.05 order by orders.o_custkey DESC, lineitem.l_shipinstruct ASC;
select partsupp.ps_partkey, part.p_type, avg(partsupp.ps_supplycost) from partsupp, part group by partsupp.ps_partkey, part.p_type having avg(partsupp.ps_supplycost) < 846.49;
select partsupp.ps_suppkey, lineitem.l_partkey, avg(partsupp.ps_partkey), min(lineitem.l_linenumber) from lineitem join partsupp on partsupp.ps_suppkey=lineitem.l_suppkey group by partsupp.ps_suppkey, lineitem.l_partkey order by lineitem.l_partkey ASC;
select nation.n_regionkey, customer.c_phone from customer join nation on nation.n_nationkey=customer.c_nationkey;
select nation.n_comment, customer.c_address from customer, nation where customer.c_custkey != 98 order by customer.c_address DESC;
select orders.o_orderpriority, customer.c_name from customer, orders where customer.c_comment <= 'carefully regular theodolites use. silent dolphins cajo' and orders.o_totalprice <= 154945.38;
select part.p_size from part order by part.p_size ASC;
select orders.o_comment from orders order by orders.o_comment DESC;
select orders.o_orderdate, customer.c_nationkey from orders, customer where orders.o_totalprice > 60162.98 and orders.o_custkey >= 5390 and customer.c_mktsegment < 'AUTOMOBILE' order by customer.c_nationkey ASC;
select customer.c_custkey, max(customer.c_phone) from customer group by customer.c_custkey having max(customer.c_phone) <= '22-344-885-4251';
select supplier.s_suppkey, customer.c_custkey, nation.n_nationkey from customer join nation on nation.n_nationkey=customer.c_nationkey join supplier on supplier.s_nationkey=nation.n_nationkey order by supplier.s_suppkey DESC;
select nation.n_nationkey from nation where nation.n_name = '24609.76';
select part.p_brand, partsupp.ps_supplycost from partsupp, part where part.p_brand > 'Brand#21  ' and part.p_retailprice >= 1051.15 and part.p_container = 'WRAP CASE ' order by partsupp.ps_supplycost ASC;
select part.p_brand from part where part.p_name != 'navy sky spring orchid forest' order by part.p_brand DESC;
select region.r_comment, nation.n_name from nation join region on region.r_regionkey=nation.n_regionkey;
select customer.c_mktsegment, nation.n_nationkey from customer, nation;
select region.r_regionkey, nation.n_name from nation join region on region.r_regionkey=nation.n_regionkey where nation.n_comment >= '194663.63' and region.r_comment < 'deposits cajole ' and nation.n_name >= '1996-09-10';
select supplier.s_suppkey, nation.n_regionkey from supplier, nation where supplier.s_name >= 'Supplier#000000006       ';
select supplier.s_comment, customer.c_acctbal, lineitem.l_suppkey, partsupp.ps_suppkey, orders.o_orderdate from supplier join partsupp on partsupp.ps_suppkey=supplier.s_suppkey join lineitem on lineitem.l_suppkey=partsupp.ps_suppkey join orders on orders.o_orderkey=lineitem.l_orderkey join customer on customer.c_custkey=orders.o_custkey where customer.c_mktsegment = 'AUTOMOBILE' order by customer.c_acctbal DESC, partsupp.ps_suppkey ASC, lineitem.l_suppkey DESC, orders.o_orderdate DESC, supplier.s_comment ASC;
select orders.o_totalprice, lineitem.l_partkey from orders join lineitem on lineitem.l_orderkey=orders.o_orderkey;
select partsupp.ps_suppkey, lineitem.l_extendedprice, orders.o_totalprice from partsupp, lineitem, orders order by orders.o_totalprice ASC;
select region.r_regionkey from region;
select orders.o_orderpriority, customer.c_phone, sum(orders.o_totalprice) from customer join orders on orders.o_custkey=customer.c_custkey group by orders.o_orderpriority, customer.c_phone order by customer.c_phone DESC;
select partsupp.ps_partkey, supplier.s_acctbal, part.p_mfgr, nation.n_regionkey from part, partsupp, supplier, nation;
select supplier.s_phone, partsupp.ps_partkey from supplier join partsupp on partsupp.ps_suppkey=supplier.s_suppkey;
select lineitem.l_extendedprice, partsupp.ps_partkey, part.p_size from lineitem, partsupp, part where part.p_brand > 'Brand#42  ';
select orders.o_totalprice, min(orders.o_custkey), max(orders.o_custkey) from orders where orders.o_orderpriority >= '1-URGENT       ' group by orders.o_totalprice having min(orders.o_custkey) < 11443 order by max(orders.o_custkey) DESC;
select nation.n_nationkey, region.r_name, max(region.r_name) from nation join region on region.r_regionkey=nation.n_regionkey group by nation.n_nationkey, region.r_name having max(region.r_name) > 'supplier';
select nation.n_name, customer.c_address, supplier.s_nationkey from customer join nation on nation.n_nationkey=customer.c_nationkey join supplier on supplier.s_nationkey=nation.n_nationkey order by supplier.s_nationkey ASC, nation.n_name DESC;
select partsupp.ps_partkey from partsupp;
select nation.n_comment from nation order by nation.n_comment ASC;
select supplier.s_phone, partsupp.ps_suppkey from supplier join partsupp on partsupp.ps_suppkey=supplier.s_suppkey where supplier.s_address = 'Saygah3gYWMp72i PY' and partsupp.ps_suppkey != 128 and partsupp.ps_partkey < 51;
select partsupp.ps_comment, lineitem.l_discount from partsupp, lineitem;
select orders.o_custkey, part.p_mfgr, lineitem.l_comment, partsupp.ps_supplycost from part join partsupp on partsupp.ps_partkey=part.p_partkey join lineitem on lineitem.l_suppkey=partsupp.ps_suppkey join orders on orders.o_orderkey=lineitem.l_orderkey order by lineitem.l_comment DESC;
select customer.c_mktsegment, nation.n_comment from customer, nation;
select nation.n_nationkey, region.r_comment, min(region.r_name) from nation, region where nation.n_regionkey < 499 and nation.n_nationkey <= 7970 group by nation.n_nationkey, region.r_comment;
select supplier.s_phone, nation.n_name, max(supplier.s_nationkey) from supplier join nation on nation.n_nationkey=supplier.s_nationkey where nation.n_regionkey != arefully after the pains. blithely ironic pinto  and supplier.s_nationkey <= 14 group by supplier.s_phone, nation.n_name having max(supplier.s_nationkey) = 23 order by max(supplier.s_nationkey) DESC;
select nation.n_name, region.r_name, max(nation.n_regionkey) from region, nation where nation.n_comment > 'r foxes. ev' and nation.n_name <> '1119' group by nation.n_name, region.r_name;
select supplier.s_suppkey, avg(supplier.s_suppkey) from supplier group by supplier.s_suppkey order by supplier.s_suppkey ASC;
select customer.c_comment, nation.n_comment, orders.o_orderpriority from nation, customer, orders where customer.c_nationkey = 11;
select supplier.s_nationkey, partsupp.ps_availqty, nation.n_name from partsupp join supplier on supplier.s_suppkey=partsupp.ps_suppkey join nation on nation.n_nationkey=supplier.s_nationkey order by partsupp.ps_availqty DESC;
select partsupp.ps_comment, supplier.s_phone from partsupp join supplier on supplier.s_suppkey=partsupp.ps_suppkey order by partsupp.ps_comment ASC;
select lineitem.l_partkey, partsupp.ps_comment, part.p_retailprice, count(lineitem.l_shipinstruct) from lineitem, partsupp, part group by lineitem.l_partkey, partsupp.ps_comment, part.p_retailprice order by count(lineitem.l_shipinstruct) ASC;
select part.p_name from part order by part.p_name DESC;
select partsupp.ps_suppkey, lineitem.l_shipinstruct from partsupp join lineitem on lineitem.l_suppkey=partsupp.ps_suppkey where lineitem.l_receiptdate = '1996-09-09' and partsupp.ps_availqty = 6085 order by partsupp.ps_suppkey ASC;
select customer.c_comment, orders.o_shippriority from orders join customer on customer.c_custkey=orders.o_custkey;
select partsupp.ps_suppkey, part.p_mfgr from partsupp, part;
select orders.o_orderdate from orders where orders.o_orderpriority < '4-NOT SPECIFIED' and orders.o_comment = 'ly express deposits nag slyly. ironic, final asymptotes boost bra';
select lineitem.l_comment, orders.o_orderstatus, partsupp.ps_availqty from orders join lineitem on lineitem.l_orderkey=orders.o_orderkey join partsupp on partsupp.ps_suppkey=lineitem.l_suppkey;
select orders.o_orderkey, lineitem.l_returnflag from orders, lineitem order by lineitem.l_returnflag DESC, orders.o_orderkey DESC;
select lineitem.l_orderkey, orders.o_totalprice from orders, lineitem;
select lineitem.l_linenumber, orders.o_clerk from lineitem, orders;
select orders.o_totalprice, nation.n_comment, customer.c_comment from orders, customer, nation where orders.o_clerk >= 'Clerk#000000167' order by orders.o_totalprice DESC, nation.n_comment DESC;
select customer.c_comment, orders.o_totalprice from customer, orders;
select supplier.s_name from supplier where supplier.s_phone <= '27-918-335-1736' and supplier.s_phone = '27-498-742-3860' and supplier.s_nationkey <= 23 order by supplier.s_name DESC;
select supplier.s_comment, partsupp.ps_comment, part.p_size from part join partsupp on partsupp.ps_partkey=part.p_partkey join supplier on supplier.s_suppkey=partsupp.ps_suppkey where part.p_mfgr < 'Manufacturer#2           ' and part.p_retailprice > 1093.19;
select lineitem.l_linestatus, orders.o_shippriority from lineitem, orders where orders.o_orderstatus <= 'O';
select partsupp.ps_availqty, part.p_size, sum(part.p_retailprice) from part join partsupp on partsupp.ps_partkey=part.p_partkey group by partsupp.ps_availqty, part.p_size having sum(part.p_retailprice) <> 1072.17 order by partsupp.ps_availqty DESC;
select partsupp.ps_suppkey, customer.c_phone, lineitem.l_partkey, orders.o_custkey, supplier.s_nationkey, nation.n_regionkey from partsupp join supplier on supplier.s_suppkey=partsupp.ps_suppkey join nation on nation.n_nationkey=supplier.s_nationkey join customer on customer.c_nationkey=nation.n_nationkey join orders on orders.o_custkey=customer.c_custkey join lineitem on lineitem.l_orderkey=orders.o_orderkey where customer.c_nationkey = 23 and lineitem.l_returnflag < 'R' order by orders.o_custkey ASC, supplier.s_nationkey ASC, customer.c_phone DESC, lineitem.l_partkey ASC;
select customer.c_comment, min(customer.c_acctbal) from customer group by customer.c_comment having min(customer.c_acctbal) > 5121.28;
select customer.c_comment, nation.n_regionkey from customer, nation;
select part.p_type from part order by part.p_type DESC;
select supplier.s_nationkey, part.p_type, partsupp.ps_suppkey, sum(partsupp.ps_suppkey) from part join partsupp on partsupp.ps_partkey=part.p_partkey join supplier on supplier.s_suppkey=partsupp.ps_suppkey group by supplier.s_nationkey, part.p_type, partsupp.ps_suppkey having sum(partsupp.ps_suppkey) <= 376 order by sum(partsupp.ps_suppkey) DESC;
select supplier.s_acctbal, part.p_brand, partsupp.ps_comment from supplier, partsupp, part where part.p_type >= 'PROMO POLISHED STEEL';
select lineitem.l_returnflag, partsupp.ps_partkey, customer.c_acctbal, orders.o_orderdate from customer join orders on orders.o_custkey=customer.c_custkey join lineitem on lineitem.l_orderkey=orders.o_orderkey join partsupp on partsupp.ps_suppkey=lineitem.l_suppkey;
select region.r_comment from region;
select region.r_comment from region where region.r_comment < 'to the quickly special accounts? ironically' and region.r_regionkey >= 5758;
select nation.n_nationkey, supplier.s_phone from supplier, nation where nation.n_nationkey < 1997-09-05 order by supplier.s_phone ASC;
select supplier.s_suppkey, partsupp.ps_suppkey, part.p_comment, nation.n_comment from part, partsupp, supplier, nation where supplier.s_name <= 'Supplier#000000004       ' and supplier.s_comment > 'ing waters. regular requests ar' order by supplier.s_suppkey DESC, nation.n_comment DESC, part.p_comment DESC, partsupp.ps_suppkey ASC;
select region.r_name from region order by region.r_name ASC;
select region.r_name from region order by region.r_name DESC;
select nation.n_nationkey, customer.c_nationkey from customer join nation on nation.n_nationkey=customer.c_nationkey;
select region.r_comment, min(region.r_comment) from region where region.r_name <= 'haggle across the blithely ironi' group by region.r_comment having min(region.r_comment) < 'supplier' order by region.r_comment DESC;
select nation.n_name, region.r_name from region, nation;
select supplier.s_name from supplier where supplier.s_acctbal > 5302.37 and supplier.s_phone < '21-151-690-3663' order by supplier.s_name ASC;
select supplier.s_address, nation.n_nationkey from supplier join nation on nation.n_nationkey=supplier.s_nationkey where nation.n_regionkey < 8471 order by nation.n_nationkey ASC, supplier.s_address DESC;
select lineitem.l_orderkey, orders.o_shippriority from orders join lineitem on lineitem.l_orderkey=orders.o_orderkey order by orders.o_shippriority ASC;
select partsupp.ps_partkey, supplier.s_nationkey, nation.n_comment, min(partsupp.ps_partkey) from nation, supplier, partsupp group by partsupp.ps_partkey, supplier.s_nationkey, nation.n_comment having min(partsupp.ps_partkey) <> 140;
select supplier.s_name, partsupp.ps_comment from partsupp, supplier where partsupp.ps_supplycost <= 688.47 order by partsupp.ps_comment ASC;
select partsupp.ps_partkey, part.p_brand from partsupp join part on part.p_partkey=partsupp.ps_partkey;
select region.r_name from region;
select part.p_name, partsupp.ps_suppkey from part, partsupp where partsupp.ps_partkey <= 79 order by partsupp.ps_suppkey ASC, part.p_name ASC;
select part.p_size, supplier.s_comment, partsupp.ps_availqty from supplier join partsupp on partsupp.ps_suppkey=supplier.s_suppkey join part on part.p_partkey=partsupp.ps_partkey;
select orders.o_orderstatus, customer.c_nationkey from orders join customer on customer.c_custkey=orders.o_custkey where orders.o_shippriority >= 0 order by orders.o_orderstatus DESC, customer.c_nationkey ASC;
select customer.c_custkey from customer where customer.c_custkey >= 141 and customer.c_nationkey >= 12;
select partsupp.ps_supplycost, count(partsupp.ps_availqty) from partsupp group by partsupp.ps_supplycost having count(partsupp.ps_availqty) = 8 order by count(partsupp.ps_availqty) DESC;
select nation.n_regionkey, region.r_comment from region, nation order by nation.n_regionkey DESC;
select orders.o_totalprice, customer.c_acctbal from customer join orders on orders.o_custkey=customer.c_custkey order by customer.c_acctbal DESC, orders.o_totalprice ASC;
select orders.o_custkey, customer.c_address from customer join orders on orders.o_custkey=customer.c_custkey order by orders.o_custkey DESC;
select part.p_type from part where part.p_comment >= 't quickly a';
select supplier.s_comment, part.p_name, partsupp.ps_availqty from part join partsupp on partsupp.ps_partkey=part.p_partkey join supplier on supplier.s_suppkey=partsupp.ps_suppkey order by supplier.s_comment ASC, partsupp.ps_availqty DESC;
select customer.c_custkey, orders.o_shippriority, nation.n_regionkey, max(orders.o_comment) from orders, customer, nation group by customer.c_custkey, orders.o_shippriority, nation.n_regionkey having max(orders.o_comment) <> 'ains doze furiously against the f';
select part.p_brand, partsupp.ps_suppkey from part join partsupp on partsupp.ps_partkey=part.p_partkey where part.p_mfgr <> 'Manufacturer#1           ';
select part.p_size from part where part.p_brand >= 'Brand#31  ';
select lineitem.l_quantity, partsupp.ps_supplycost, orders.o_comment, customer.c_mktsegment, sum(partsupp.ps_suppkey), avg(partsupp.ps_suppkey) from partsupp, lineitem, orders, customer group by lineitem.l_quantity, partsupp.ps_supplycost, orders.o_comment, customer.c_mktsegment order by lineitem.l_quantity ASC, orders.o_comment DESC;
select part.p_comment, partsupp.ps_partkey from partsupp, part order by part.p_comment DESC, partsupp.ps_partkey DESC;
select lineitem.l_suppkey from lineitem where lineitem.l_partkey <= 3552;
select orders.o_orderkey, lineitem.l_comment, partsupp.ps_partkey from orders, lineitem, partsupp where orders.o_comment < 'cajole. even warhorses sleep carefully. ';
select supplier.s_phone, nation.n_name, max(supplier.s_name) from nation join supplier on supplier.s_nationkey=nation.n_nationkey group by supplier.s_phone, nation.n_name;
select lineitem.l_comment from lineitem where lineitem.l_partkey > 13921;
select supplier.s_nationkey, partsupp.ps_comment, nation.n_regionkey, region.r_comment from partsupp, supplier, nation, region where supplier.s_acctbal >= 7627.85 and partsupp.ps_comment = 'ly special accounts detect carefully. furiously ironic deposits nag express packages. slyly quiet ';
select nation.n_nationkey, customer.c_comment from nation join customer on customer.c_nationkey=nation.n_nationkey order by customer.c_comment DESC;
select part.p_retailprice, partsupp.ps_supplycost, supplier.s_name from supplier join partsupp on partsupp.ps_suppkey=supplier.s_suppkey join part on part.p_partkey=partsupp.ps_partkey where part.p_type > 'SMALL BURNISHED STEEL' and partsupp.ps_suppkey >= 552 and part.p_name = 'frosted peru chiffon yellow aquamarine';
select nation.n_name, region.r_regionkey, avg(region.r_regionkey) from nation, region group by nation.n_name, region.r_regionkey;
select orders.o_totalprice, customer.c_address, nation.n_comment from nation join customer on customer.c_nationkey=nation.n_nationkey join orders on orders.o_custkey=customer.c_custkey order by customer.c_address DESC, nation.n_comment DESC;
select lineitem.l_shipmode from lineitem where lineitem.l_receiptdate <= '1995-10-22' order by lineitem.l_shipmode DESC;
select orders.o_shippriority, customer.c_custkey, min(customer.c_custkey) from customer, orders where customer.c_comment = 'ckages. requests sleep slyly. quickly even pinto beans promise above the slyly regular pinto beans. ' and customer.c_name <= 'Customer#000000122' group by orders.o_shippriority, customer.c_custkey order by orders.o_shippriority ASC;
select nation.n_regionkey, customer.c_name from customer, nation;
select nation.n_regionkey, region.r_regionkey from region, nation where region.r_regionkey < 8406;
select lineitem.l_comment, partsupp.ps_supplycost, orders.o_clerk from partsupp join lineitem on lineitem.l_suppkey=partsupp.ps_suppkey join orders on orders.o_orderkey=lineitem.l_orderkey;
select lineitem.l_shipdate, customer.c_acctbal, orders.o_comment from customer, orders, lineitem where lineitem.l_partkey > 16371;
select lineitem.l_extendedprice, orders.o_orderpriority, count(lineitem.l_commitdate) from lineitem, orders where orders.o_clerk <> 'Clerk#000000868' group by lineitem.l_extendedprice, orders.o_orderpriority order by lineitem.l_extendedprice ASC, orders.o_orderpriority ASC;
select part.p_partkey, partsupp.ps_comment, max(part.p_comment) from partsupp, part group by part.p_partkey, partsupp.ps_comment;
select lineitem.l_tax, supplier.s_phone, partsupp.ps_availqty from lineitem join partsupp on partsupp.ps_suppkey=lineitem.l_suppkey join supplier on supplier.s_suppkey=partsupp.ps_suppkey where lineitem.l_linenumber = 7 order by supplier.s_phone ASC, lineitem.l_tax ASC, partsupp.ps_availqty ASC;
select nation.n_regionkey, region.r_name, count(nation.n_nationkey) from nation, region group by nation.n_regionkey, region.r_name;
select lineitem.l_linenumber, orders.o_comment from lineitem join orders on orders.o_orderkey=lineitem.l_orderkey;
select partsupp.ps_partkey, supplier.s_phone from supplier join partsupp on partsupp.ps_suppkey=supplier.s_suppkey;
select supplier.s_comment from supplier;
select orders.o_orderstatus, customer.c_mktsegment from orders, customer;
select lineitem.l_extendedprice from lineitem order by lineitem.l_extendedprice DESC;
select lineitem.l_shipmode from lineitem order by lineitem.l_shipmode DESC;
select part.p_name, max(part.p_container) from part group by part.p_name having max(part.p_container) < 'JUMBO CASE' order by part.p_name ASC;
select part.p_partkey, orders.o_orderkey, lineitem.l_partkey, partsupp.ps_availqty, max(partsupp.ps_supplycost), count(lineitem.l_shipmode) from orders join lineitem on lineitem.l_orderkey=orders.o_orderkey join partsupp on partsupp.ps_suppkey=lineitem.l_suppkey join part on part.p_partkey=partsupp.ps_partkey group by part.p_partkey, orders.o_orderkey, lineitem.l_partkey, partsupp.ps_availqty order by lineitem.l_partkey ASC, partsupp.ps_availqty ASC, part.p_partkey DESC;
select nation.n_name, region.r_name, customer.c_address from customer, nation, region where customer.c_phone < '31-704-669-5769';
select lineitem.l_commitdate, part.p_type, partsupp.ps_comment from part join partsupp on partsupp.ps_partkey=part.p_partkey join lineitem on lineitem.l_suppkey=partsupp.ps_suppkey where part.p_size = 7 and part.p_type >= 'LARGE BURNISHED STEEL' order by part.p_type DESC, partsupp.ps_comment DESC;
select partsupp.ps_comment, part.p_comment from partsupp, part where partsupp.ps_supplycost <> 310.13 and part.p_retailprice <> 942.04 order by part.p_comment ASC, partsupp.ps_comment DESC;
select region.r_regionkey from region order by region.r_regionkey ASC;