select  
  (select o_clerk from public.orders limit 1 offset 72)
     as c0, 
  cast(coalesce(subq_1.c0,
    ref_0.c_custkey) as int4) as c1, 
  sample_2.p_container as c2, 
  ref_1.r_name as c3, 
  sample_2.p_retailprice as c4, 
  subq_1.c0 as c5, 
  case when ((true) 
        or (true)) 
      or (EXISTS (
        select  
            sample_1.r_regionkey as c0, 
            ref_1.r_name as c1
          from 
            public.nation as ref_2
          where cast(null as int8) >= cast(null as int2)
          limit 50)) then pg_catalog.pg_current_xlog_insert_location() else pg_catalog.pg_current_xlog_insert_location() end
     as c6, 
  
    pg_catalog.regr_avgy(
      cast(cast(null as float8) as float8),
      cast(pg_catalog.pg_stat_get_checkpoint_write_time() as float8)) over (partition by ref_1.r_comment order by subq_1.c0,sample_1.r_regionkey,sample_1.r_regionkey) as c7, 
  sample_2.p_partkey as c8, 
  ref_1.r_name as c9, 
  pg_catalog.circle_overbelow(
    cast(case when true then case when (cast(null as box) ?# cast(null as box)) 
          or (cast(null as "bit") >= cast(null as "bit")) then pg_catalog.circle_sub_pt(
          cast(cast(null as circle) as circle),
          cast(cast(null as point) as point)) else pg_catalog.circle_sub_pt(
          cast(cast(null as circle) as circle),
          cast(cast(null as point) as point)) end
         else case when (cast(null as box) ?# cast(null as box)) 
          or (cast(null as "bit") >= cast(null as "bit")) then pg_catalog.circle_sub_pt(
          cast(cast(null as circle) as circle),
          cast(cast(null as point) as point)) else pg_catalog.circle_sub_pt(
          cast(cast(null as circle) as circle),
          cast(cast(null as point) as point)) end
         end
       as circle),
    cast(cast(null as circle) as circle)) as c10
from 
  (select  
          subq_0.c0 as c0
        from 
          (select  
                (select ps_suppkey from public.partsupp limit 1 offset 4)
                   as c0
              from 
                public.lineitem as sample_0 tablesample system (1.3) 
              where cast(null as abstime) <> cast(null as abstime)) as subq_0
        where pg_catalog.current_schema() ~ case when cast(null as box) ?# cast(null as box) then cast(null as text) else cast(null as text) end
            
        limit 193) as subq_1
    right join public.customer as ref_0
        right join public.region as sample_1 tablesample bernoulli (9.8) 
          left join public.part as sample_2 tablesample bernoulli (2.5) 
          on (sample_1.r_regionkey = sample_2.p_partkey )
        on (cast(null as line) = cast(null as line))
      right join public.region as ref_1
      on (cast(null as point) << cast(null as point))
    on (cast(null as point) @ case when sample_2.p_partkey < ref_0.c_custkey then cast(null as polygon) else cast(null as polygon) end
          )
where ref_1.r_regionkey is not NULL;
select  
  case when pg_catalog.pg_replication_origin_session_is_setup() < case when cast(null as tsvector) < cast(null as tsvector) then 
          pg_catalog.bool_or(
            cast(false as bool)) over (partition by subq_2.c6 order by subq_2.c2) else 
          pg_catalog.bool_or(
            cast(false as bool)) over (partition by subq_2.c6 order by subq_2.c2) end
         then subq_2.c5 else subq_2.c5 end
     as c0, 
  pg_catalog.pg_replication_origin_session_is_setup() as c1, 
  subq_2.c4 as c2, 
  subq_2.c5 as c3
from 
  (select  
        sample_0.ps_partkey as c0, 
        sample_0.ps_availqty as c1, 
        sample_0.ps_supplycost as c2, 
        sample_0.ps_supplycost as c3, 
        sample_0.ps_supplycost as c4, 
        cast(coalesce(cast(coalesce(66,
            sample_0.ps_availqty) as int4),
          sample_0.ps_partkey) as int4) as c5, 
        sample_0.ps_availqty as c6
      from 
        public.partsupp as sample_0 tablesample system (0.3) 
      where case when EXISTS (
            select  
                subq_0.c16 as c0, 
                subq_0.c22 as c1
              from 
                public.region as ref_0,
                lateral (select  
                      ref_0.r_comment as c0, 
                      (select pg_catalog.array_agg(n_nationkey) from public.nation)
                         as c1, 
                      ref_0.r_comment as c2, 
                      ref_1.o_custkey as c3, 
                      sample_0.ps_availqty as c4, 
                      sample_0.ps_comment as c5, 
                      sample_0.ps_comment as c6, 
                      sample_0.ps_suppkey as c7, 
                      sample_0.ps_comment as c8, 
                      sample_0.ps_partkey as c9, 
                      74 as c10, 
                      sample_0.ps_availqty as c11, 
                      sample_0.ps_comment as c12, 
                      ref_0.r_name as c13, 
                      ref_0.r_regionkey as c14, 
                      39 as c15, 
                      sample_0.ps_supplycost as c16, 
                      ref_1.o_orderkey as c17, 
                      sample_0.ps_comment as c18, 
                      (select p_retailprice from public.part limit 1 offset 3)
                         as c19, 
                      ref_1.o_orderstatus as c20, 
                      ref_0.r_comment as c21, 
                      sample_0.ps_supplycost as c22, 
                      ref_0.r_regionkey as c23, 
                      ref_0.r_comment as c24
                    from 
                      public.orders as ref_1
                    where EXISTS (
                      select  
                          sample_1.ps_suppkey as c0, 
                          ref_0.r_name as c1, 
                          sample_0.ps_supplycost as c2, 
                          sample_0.ps_supplycost as c3, 
                          ref_1.o_orderstatus as c4, 
                          ref_0.r_comment as c5, 
                          sample_0.ps_comment as c6, 
                          ref_1.o_orderkey as c7, 
                          ref_1.o_totalprice as c8, 
                          ref_0.r_name as c9, 
                          sample_0.ps_availqty as c10, 
                          ref_0.r_regionkey as c11, 
                          sample_1.ps_supplycost as c12, 
                          ref_0.r_comment as c13, 
                          ref_0.r_regionkey as c14, 
                          ref_1.o_custkey as c15, 
                          ref_1.o_orderpriority as c16, 
                          sample_0.ps_availqty as c17, 
                          sample_0.ps_partkey as c18, 
                          ref_1.o_orderpriority as c19, 
                          sample_0.ps_comment as c20
                        from 
                          public.partsupp as sample_1 tablesample system (6.9) 
                        where ref_0.r_comment is not NULL
                        limit 81)
                    limit 60) as subq_0,
                lateral (select  
                      subq_0.c17 as c0, 
                      subq_0.c3 as c1, 
                      ref_0.r_name as c2, 
                      subq_0.c18 as c3
                    from 
                      public.partsupp as ref_2
                    where cast(null as anyrange) -|- cast(null as anyrange)
                    limit 127) as subq_1
              where cast(null as inet) && cast(null as inet)
              limit 129) then cast(null as record) else cast(null as record) end
           > case when (cast(null as inet) >>= cast(null as inet)) 
            and ((cast(null as uuid) >= cast(null as uuid)) 
              or (false)) then cast(null as record) else cast(null as record) end
          
      limit 102) as subq_2
where case when subq_2.c0 is NULL then cast(null as timetz) else cast(null as timetz) end
     < cast(coalesce(pg_catalog.timetz_in(
      cast(cast(null as cstring) as cstring),
      cast(pg_catalog.pg_my_temp_schema() as oid),
      cast(subq_2.c1 as int4)),
    cast(nullif(cast(null as timetz),
      pg_catalog.timetz_larger(
        cast(cast(null as timetz) as timetz),
        cast(case when subq_2.c1 is NULL then case when cast(null as anyrange) && cast(null as anyrange) then cast(null as timetz) else cast(null as timetz) end
             else case when cast(null as anyrange) && cast(null as anyrange) then cast(null as timetz) else cast(null as timetz) end
             end
           as timetz))) as timetz)) as timetz);
select  
  subq_0.c4 as c0, 
  subq_2.c1 as c1, 
  subq_2.c1 as c2, 
  case when ((pg_catalog.cash_in(
            cast(cast(null as cstring) as cstring)) = cast(null as money)) 
        and (EXISTS (
          select  
              subq_2.c1 as c0, 
              subq_0.c2 as c1, 
              subq_2.c1 as c2, 
              subq_2.c0 as c3, 
              sample_2.s_phone as c4
            from 
              public.supplier as sample_2 tablesample system (9.5) 
            where subq_0.c0 is not NULL
            limit 103))) 
      and (false) then subq_0.c0 else subq_0.c0 end
     as c3, 
  subq_0.c1 as c4, 
  subq_2.c1 as c5, 
  subq_2.c1 as c6
from 
  (select  
        ref_0.n_name as c0, 
        (select p_container from public.part limit 1 offset 5)
           as c1, 
        ref_0.n_name as c2, 
        ref_0.n_name as c3, 
        ref_0.n_nationkey as c4
      from 
        public.nation as ref_0
      where (cast(null as name) !~~ pg_catalog.timeofday()) 
        or (ref_0.n_comment is not NULL)) as subq_0,
  lateral (select  
        subq_1.c0 as c0, 
        subq_1.c0 as c1
      from 
        public.lineitem as sample_0 tablesample system (7.1) 
          inner join (select  
                subq_0.c3 as c0
              from 
                public.region as sample_1 tablesample system (4.2) 
              where subq_0.c0 is not NULL
              limit 92) as subq_1
          on (cast(null as float4) < cast(null as float4))
      where subq_0.c3 is not NULL
      limit 109) as subq_2
where case when subq_0.c1 is NULL then pg_catalog.lseg(
      cast(cast(null as box) as box)) else pg_catalog.lseg(
      cast(cast(null as box) as box)) end
     > pg_catalog.lseg(
    cast(case when (cast(nullif(cast(null as "timestamp"),
            cast(null as "timestamp")) as "timestamp") = cast(null as "timestamp")) 
        or (pg_catalog.int2(
            cast(cast(null as "numeric") as "numeric")) >= subq_0.c4) then case when false <= case when true then true else true end
             then case when cast(null as tsvector) >= cast(null as tsvector) then cast(null as box) else cast(null as box) end
           else case when cast(null as tsvector) >= cast(null as tsvector) then cast(null as box) else cast(null as box) end
           end
         else case when false <= case when true then true else true end
             then case when cast(null as tsvector) >= cast(null as tsvector) then cast(null as box) else cast(null as box) end
           else case when cast(null as tsvector) >= cast(null as tsvector) then cast(null as box) else cast(null as box) end
           end
         end
       as box))
limit 173;
select  
  sample_0.l_suppkey as c0, 
  
    pg_catalog.corr(
      cast(cast(null as float8) as float8),
      cast(cast(nullif(cast(null as float8),
        cast(nullif(cast(null as float8),
          cast(null as float8)) as float8)) as float8) as float8)) over (partition by subq_1.c2 order by subq_1.c4) as c1, 
  (select pg_catalog.min(ps_partkey) from public.partsupp)
     as c2, 
  pg_catalog.pg_stat_get_bgwriter_stat_reset_time() as c3, 
  (select l_shipinstruct from public.lineitem limit 1 offset 4)
     as c4
from 
  public.lineitem as sample_0 tablesample bernoulli (8.9) ,
  lateral (select  
        pg_catalog.pg_stat_clear_snapshot() as c0, 
        sample_0.l_extendedprice as c1, 
        sample_1.o_clerk as c2, 
        sample_1.o_orderdate as c3, 
        sample_0.l_shipdate as c4
      from 
        public.orders as sample_1 tablesample system (4.3) ,
        lateral (select  
              sample_1.o_orderpriority as c0, 
              sample_1.o_orderdate as c1
            from 
              public.orders as sample_2 tablesample system (3.7) 
            where (cast(null as path) <= cast(null as path)) 
              and (false)) as subq_0
      where pg_catalog.overlay(
          cast(pg_catalog.pg_export_snapshot() as text),
          cast(cast(coalesce(cast(null as text),
            cast(null as text)) as text) as text),
          cast(sample_1.o_custkey as int4)) ~>~ cast(nullif(pg_catalog.pg_export_snapshot(),
          cast(null as text)) as text)) as subq_1
where sample_0.l_orderkey >= pg_catalog.int2mul(
    cast(pg_catalog.int2(
      cast(pg_catalog.pg_stat_get_bgwriter_maxwritten_clean() as int8)) as int2),
    cast(cast(null as int2) as int2));
select  
  ref_0.p_comment as c0, 
  ref_0.p_container as c1, 
  pg_catalog.pg_trigger_depth() as c2, 
  pg_catalog.json_build_object() as c3, 
  
    pg_catalog.stddev_samp(
      cast(ref_0.p_partkey as int4)) over (partition by ref_0.p_name,ref_0.p_retailprice order by ref_0.p_mfgr) as c4, 
  ref_0.p_retailprice as c5
from 
  public.part as ref_0
where pg_catalog.date_pl_interval(
    cast(cast(null as date) as date),
    cast(cast(nullif(cast(null as "interval"),
      cast(null as "interval")) as "interval") as "interval")) = case when EXISTS (
      select  
          sample_0.n_name as c0, 
          sample_0.n_name as c1, 
          ref_0.p_size as c2, 
          ref_0.p_container as c3, 
          sample_0.n_comment as c4
        from 
          public.nation as sample_0 tablesample bernoulli (8.7) 
        where EXISTS (
          select  
              sample_0.n_comment as c0, 
              ref_0.p_brand as c1, 
              ref_0.p_mfgr as c2, 
              ref_0.p_size as c3, 
              ref_0.p_name as c4
            from 
              public.nation as sample_1 tablesample bernoulli (6) 
            where cast(null as "timestamp") > cast(null as "timestamp"))
        limit 76) then pg_catalog.date_larger(
      cast(case when cast(null as jsonb) <> case when ref_0.p_type is not NULL then cast(null as jsonb) else cast(null as jsonb) end
             then (select o_orderdate from public.orders limit 1 offset 4)
           else (select o_orderdate from public.orders limit 1 offset 4)
           end
         as date),
      cast((select o_orderdate from public.orders limit 1 offset 3)
         as date)) else pg_catalog.date_larger(
      cast(case when cast(null as jsonb) <> case when ref_0.p_type is not NULL then cast(null as jsonb) else cast(null as jsonb) end
             then (select o_orderdate from public.orders limit 1 offset 4)
           else (select o_orderdate from public.orders limit 1 offset 4)
           end
         as date),
      cast((select o_orderdate from public.orders limit 1 offset 3)
         as date)) end
    ;
select  
  
    pg_catalog.sum(
      cast(cast(nullif(pg_catalog.pg_stat_get_buf_fsync_backend(),
        case when (cast(null as point) @ cast(null as lseg)) 
            or (subq_0.c0 is not NULL) then pg_catalog.pg_stat_get_bgwriter_buf_written_clean() else pg_catalog.pg_stat_get_bgwriter_buf_written_clean() end
          ) as int8) as int8)) over (partition by subq_0.c0,subq_0.c0 order by subq_0.c0,subq_0.c0) as c0, 
  
    pg_catalog.json_object_agg(
      cast(cast(null as "any") as "any"),
      cast(cast(null as "any") as "any")) over (partition by subq_0.c0 order by subq_0.c0,subq_0.c0,subq_0.c0,subq_0.c0) as c1, 
  pg_catalog.pg_stat_get_checkpoint_write_time() as c2, 
  pg_catalog.pg_advisory_unlock_all() as c3, 
  subq_0.c0 as c4, 
  subq_0.c0 as c5, 
  (select r_comment from public.region limit 1 offset 6)
     as c6, 
  subq_0.c0 as c7, 
  subq_0.c0 as c8, 
  subq_0.c0 as c9, 
  subq_0.c0 as c10, 
  subq_0.c0 as c11
from 
  (select  
        ref_0.c_custkey as c0
      from 
        public.customer as ref_0
          left join public.customer as ref_1
          on (cast(null as tid) > cast(null as tid))
      where EXISTS (
        select  
            ref_2.s_comment as c0, 
            (select c_nationkey from public.customer limit 1 offset 5)
               as c1
          from 
            public.supplier as ref_2
          where false
          limit 148)
      limit 81) as subq_0
where EXISTS (
  select  
      subq_0.c0 as c0, 
      subq_0.c0 as c1
    from 
      public.nation as sample_0 tablesample bernoulli (8.1) 
    where EXISTS (
      select  
          (select pg_catalog.var_samp(s_acctbal) from public.supplier)
             as c0, 
          subq_0.c0 as c1, 
          ref_3.r_comment as c2, 
          sample_0.n_nationkey as c3, 
          sample_0.n_name as c4, 
          subq_0.c0 as c5, 
          sample_0.n_regionkey as c6, 
          subq_0.c0 as c7, 
          ref_3.r_name as c8
        from 
          public.region as ref_3
        where true
        limit 120)
    limit 23)
limit 107;
WITH 
jennifer_0 AS (select  
    (select p_name from public.part limit 1 offset 4)
       as c0
  from 
    public.orders as sample_0 tablesample system (6.5) 
      inner join public.supplier as sample_1 tablesample system (8.1) 
        inner join public.nation as sample_2 tablesample system (8.8) 
        on (cast(null as "bit") > cast(null as "bit"))
      on (sample_0.o_orderkey = sample_1.s_suppkey )
  where (case when pg_catalog.macaddr_and(
            cast(cast(null as macaddr) as macaddr),
            cast(cast(null as macaddr) as macaddr)) >= cast(coalesce(cast(null as macaddr),
            cast(null as macaddr)) as macaddr) then case when cast(null as "char") > cast(null as "char") then cast(null as int2vector) else cast(null as int2vector) end
           else case when cast(null as "char") > cast(null as "char") then cast(null as int2vector) else cast(null as int2vector) end
           end
         = case when EXISTS (
          select  
              sample_1.s_acctbal as c0, 
              sample_0.o_custkey as c1, 
              sample_0.o_orderstatus as c2, 
              sample_0.o_totalprice as c3, 
              sample_0.o_custkey as c4, 
              ref_1.n_name as c5, 
              sample_2.n_regionkey as c6, 
              ref_1.n_name as c7, 
              sample_1.s_comment as c8, 
              ref_0.s_comment as c9, 
              (select pg_catalog.min(o_orderdate) from public.orders)
                 as c10, 
              45 as c11, 
              ref_1.n_comment as c12, 
              sample_0.o_orderdate as c13, 
              ref_0.s_comment as c14, 
              sample_1.s_nationkey as c15, 
              sample_0.o_clerk as c16, 
              (select n_regionkey from public.nation limit 1 offset 6)
                 as c17, 
              sample_2.n_regionkey as c18
            from 
              public.supplier as ref_0
                inner join public.nation as ref_1
                on (sample_0.o_shippriority = cast(null as int2))
            where cast(null as tinterval) << cast(null as tinterval)
            limit 41) then pg_catalog.int2vectorin(
          cast(cast(null as cstring) as cstring)) else pg_catalog.int2vectorin(
          cast(cast(null as cstring) as cstring)) end
        ) 
    and (sample_1.s_phone is not NULL))
select  
    pg_catalog.unknownout(
      cast(case when (cast(null as int2) = sample_4.r_regionkey) 
          or (cast(null as cid) = cast(null as cid)) then cast(null as unknown) else cast(null as unknown) end
         as unknown)) as c0, 
    ref_2.n_regionkey as c1, 
    17 as c2, 
    subq_2.c1 as c3
  from 
    public.lineitem as sample_3 tablesample system (1.8) 
      left join public.region as sample_4 tablesample system (9) 
        inner join public.nation as ref_2
        on (EXISTS (
            select  
                sample_4.r_comment as c0, 
                sample_4.r_regionkey as c1, 
                sample_4.r_comment as c2, 
                ref_2.n_comment as c3, 
                sample_4.r_comment as c4, 
                sample_4.r_name as c5, 
                ref_2.n_nationkey as c6
              from 
                public.part as ref_3
              where true
              limit 48))
      on (cast(null as name) !~~ pg_catalog.timeofday()),
    lateral (select  
          ref_2.n_comment as c0, 
          sample_5.r_name as c1
        from 
          public.region as sample_5 tablesample system (5) ,
          lateral (select  
                sample_4.r_regionkey as c0, 
                sample_6.o_comment as c1, 
                sample_5.r_regionkey as c2, 
                sample_5.r_comment as c3, 
                sample_4.r_comment as c4
              from 
                public.orders as sample_6 tablesample system (2.8) 
              where cast(null as "timestamp") > sample_3.l_receiptdate
              limit 69) as subq_0,
          lateral (select  
                (select p_brand from public.part limit 1 offset 1)
                   as c0
              from 
                jennifer_0 as ref_4
              where (select pg_catalog.sum(c_custkey) from public.customer)
                   = cast(null as int2)
              limit 37) as subq_1
        where cast(nullif(cast(null as uuid),
            cast(null as uuid)) as uuid) >= cast(null as uuid)) as subq_2
  where EXISTS (
    select  
        ref_2.n_nationkey as c0, 
        sample_3.l_quantity as c1, 
        ref_2.n_nationkey as c2, 
        subq_2.c1 as c3, 
        ref_5.n_name as c4, 
        ref_5.n_comment as c5, 
        ref_2.n_comment as c6, 
        subq_2.c0 as c7, 
        sample_3.l_comment as c8, 
        sample_3.l_tax as c9, 
        ref_5.n_name as c10, 
        sample_4.r_regionkey as c11, 
        ref_5.n_name as c12, 
        sample_4.r_regionkey as c13
      from 
        public.nation as ref_5
      where case when (sample_4.r_comment is NULL) 
            or (EXISTS (
              select  
                  ref_6.ps_availqty as c0
                from 
                  public.partsupp as ref_6
                where ref_5.n_name ~<~ ref_2.n_name)) then cast(null as anyrange) else cast(null as anyrange) end
           @> cast(null as anyrange))
  limit 12
;
select  
  (select o_clerk from public.orders limit 1 offset 72)
     as c0, 
  cast(coalesce(subq_1.c0,
    ref_0.c_custkey) as int4) as c1, 
  sample_2.p_container as c2, 
  ref_1.r_name as c3, 
  sample_2.p_retailprice as c4, 
  subq_1.c0 as c5, 
  case when ((true) 
        or (true)) 
      or (EXISTS (
        select  
            sample_1.r_regionkey as c0, 
            ref_1.r_name as c1
          from 
            public.nation as ref_2
          where cast(null as int8) >= cast(null as int2)
          limit 50)) then pg_catalog.pg_current_xlog_insert_location() else pg_catalog.pg_current_xlog_insert_location() end
     as c6, 
  
    pg_catalog.regr_avgy(
      cast(cast(null as float8) as float8),
      cast(pg_catalog.pg_stat_get_checkpoint_write_time() as float8)) over (partition by ref_1.r_comment order by subq_1.c0,sample_1.r_regionkey,sample_1.r_regionkey) as c7, 
  sample_2.p_partkey as c8, 
  ref_1.r_name as c9, 
  pg_catalog.circle_overbelow(
    cast(case when true then case when (cast(null as box) ?# cast(null as box)) 
          or (cast(null as "bit") >= cast(null as "bit")) then pg_catalog.circle_sub_pt(
          cast(cast(null as circle) as circle),
          cast(cast(null as point) as point)) else pg_catalog.circle_sub_pt(
          cast(cast(null as circle) as circle),
          cast(cast(null as point) as point)) end
         else case when (cast(null as box) ?# cast(null as box)) 
          or (cast(null as "bit") >= cast(null as "bit")) then pg_catalog.circle_sub_pt(
          cast(cast(null as circle) as circle),
          cast(cast(null as point) as point)) else pg_catalog.circle_sub_pt(
          cast(cast(null as circle) as circle),
          cast(cast(null as point) as point)) end
         end
       as circle),
    cast(cast(null as circle) as circle)) as c10
from 
  (select  
          subq_0.c0 as c0
        from 
          (select  
                (select ps_suppkey from public.partsupp limit 1 offset 4)
                   as c0
              from 
                public.lineitem as sample_0 tablesample system (1.3) 
              where cast(null as abstime) <> cast(null as abstime)) as subq_0
        where pg_catalog.current_schema() ~ case when cast(null as box) ?# cast(null as box) then cast(null as text) else cast(null as text) end
            
        limit 193) as subq_1
    right join public.customer as ref_0
        right join public.region as sample_1 tablesample bernoulli (9.8) 
          left join public.part as sample_2 tablesample bernoulli (2.5) 
          on (sample_1.r_regionkey = sample_2.p_partkey )
        on (cast(null as line) = cast(null as line))
      right join public.region as ref_1
      on (cast(null as point) << cast(null as point))
    on (cast(null as point) @ case when sample_2.p_partkey < ref_0.c_custkey then cast(null as polygon) else cast(null as polygon) end
          )
where ref_1.r_regionkey is not NULL;
select  
  case when pg_catalog.pg_replication_origin_session_is_setup() < case when cast(null as tsvector) < cast(null as tsvector) then 
          pg_catalog.bool_or(
            cast(false as bool)) over (partition by subq_2.c6 order by subq_2.c2) else 
          pg_catalog.bool_or(
            cast(false as bool)) over (partition by subq_2.c6 order by subq_2.c2) end
         then subq_2.c5 else subq_2.c5 end
     as c0, 
  pg_catalog.pg_replication_origin_session_is_setup() as c1, 
  subq_2.c4 as c2, 
  subq_2.c5 as c3
from 
  (select  
        sample_0.ps_partkey as c0, 
        sample_0.ps_availqty as c1, 
        sample_0.ps_supplycost as c2, 
        sample_0.ps_supplycost as c3, 
        sample_0.ps_supplycost as c4, 
        cast(coalesce(cast(coalesce(66,
            sample_0.ps_availqty) as int4),
          sample_0.ps_partkey) as int4) as c5, 
        sample_0.ps_availqty as c6
      from 
        public.partsupp as sample_0 tablesample system (0.3) 
      where case when EXISTS (
            select  
                subq_0.c16 as c0, 
                subq_0.c22 as c1
              from 
                public.region as ref_0,
                lateral (select  
                      ref_0.r_comment as c0, 
                      (select pg_catalog.array_agg(n_nationkey) from public.nation)
                         as c1, 
                      ref_0.r_comment as c2, 
                      ref_1.o_custkey as c3, 
                      sample_0.ps_availqty as c4, 
                      sample_0.ps_comment as c5, 
                      sample_0.ps_comment as c6, 
                      sample_0.ps_suppkey as c7, 
                      sample_0.ps_comment as c8, 
                      sample_0.ps_partkey as c9, 
                      74 as c10, 
                      sample_0.ps_availqty as c11, 
                      sample_0.ps_comment as c12, 
                      ref_0.r_name as c13, 
                      ref_0.r_regionkey as c14, 
                      39 as c15, 
                      sample_0.ps_supplycost as c16, 
                      ref_1.o_orderkey as c17, 
                      sample_0.ps_comment as c18, 
                      (select p_retailprice from public.part limit 1 offset 3)
                         as c19, 
                      ref_1.o_orderstatus as c20, 
                      ref_0.r_comment as c21, 
                      sample_0.ps_supplycost as c22, 
                      ref_0.r_regionkey as c23, 
                      ref_0.r_comment as c24
                    from 
                      public.orders as ref_1
                    where EXISTS (
                      select  
                          sample_1.ps_suppkey as c0, 
                          ref_0.r_name as c1, 
                          sample_0.ps_supplycost as c2, 
                          sample_0.ps_supplycost as c3, 
                          ref_1.o_orderstatus as c4, 
                          ref_0.r_comment as c5, 
                          sample_0.ps_comment as c6, 
                          ref_1.o_orderkey as c7, 
                          ref_1.o_totalprice as c8, 
                          ref_0.r_name as c9, 
                          sample_0.ps_availqty as c10, 
                          ref_0.r_regionkey as c11, 
                          sample_1.ps_supplycost as c12, 
                          ref_0.r_comment as c13, 
                          ref_0.r_regionkey as c14, 
                          ref_1.o_custkey as c15, 
                          ref_1.o_orderpriority as c16, 
                          sample_0.ps_availqty as c17, 
                          sample_0.ps_partkey as c18, 
                          ref_1.o_orderpriority as c19, 
                          sample_0.ps_comment as c20
                        from 
                          public.partsupp as sample_1 tablesample system (6.9) 
                        where ref_0.r_comment is not NULL
                        limit 81)
                    limit 60) as subq_0,
                lateral (select  
                      subq_0.c17 as c0, 
                      subq_0.c3 as c1, 
                      ref_0.r_name as c2, 
                      subq_0.c18 as c3
                    from 
                      public.partsupp as ref_2
                    where cast(null as anyrange) -|- cast(null as anyrange)
                    limit 127) as subq_1
              where cast(null as inet) && cast(null as inet)
              limit 129) then cast(null as record) else cast(null as record) end
           > case when (cast(null as inet) >>= cast(null as inet)) 
            and ((cast(null as uuid) >= cast(null as uuid)) 
              or (false)) then cast(null as record) else cast(null as record) end
          
      limit 102) as subq_2
where case when subq_2.c0 is NULL then cast(null as timetz) else cast(null as timetz) end
     < cast(coalesce(pg_catalog.timetz_in(
      cast(cast(null as cstring) as cstring),
      cast(pg_catalog.pg_my_temp_schema() as oid),
      cast(subq_2.c1 as int4)),
    cast(nullif(cast(null as timetz),
      pg_catalog.timetz_larger(
        cast(cast(null as timetz) as timetz),
        cast(case when subq_2.c1 is NULL then case when cast(null as anyrange) && cast(null as anyrange) then cast(null as timetz) else cast(null as timetz) end
             else case when cast(null as anyrange) && cast(null as anyrange) then cast(null as timetz) else cast(null as timetz) end
             end
           as timetz))) as timetz)) as timetz);
select  
  subq_0.c4 as c0, 
  subq_2.c1 as c1, 
  subq_2.c1 as c2, 
  case when ((pg_catalog.cash_in(
            cast(cast(null as cstring) as cstring)) = cast(null as money)) 
        and (EXISTS (
          select  
              subq_2.c1 as c0, 
              subq_0.c2 as c1, 
              subq_2.c1 as c2, 
              subq_2.c0 as c3, 
              sample_2.s_phone as c4
            from 
              public.supplier as sample_2 tablesample system (9.5) 
            where subq_0.c0 is not NULL
            limit 103))) 
      and (false) then subq_0.c0 else subq_0.c0 end
     as c3, 
  subq_0.c1 as c4, 
  subq_2.c1 as c5, 
  subq_2.c1 as c6
from 
  (select  
        ref_0.n_name as c0, 
        (select p_container from public.part limit 1 offset 5)
           as c1, 
        ref_0.n_name as c2, 
        ref_0.n_name as c3, 
        ref_0.n_nationkey as c4
      from 
        public.nation as ref_0
      where (cast(null as name) !~~ pg_catalog.timeofday()) 
        or (ref_0.n_comment is not NULL)) as subq_0,
  lateral (select  
        subq_1.c0 as c0, 
        subq_1.c0 as c1
      from 
        public.lineitem as sample_0 tablesample system (7.1) 
          inner join (select  
                subq_0.c3 as c0
              from 
                public.region as sample_1 tablesample system (4.2) 
              where subq_0.c0 is not NULL
              limit 92) as subq_1
          on (cast(null as float4) < cast(null as float4))
      where subq_0.c3 is not NULL
      limit 109) as subq_2
where case when subq_0.c1 is NULL then pg_catalog.lseg(
      cast(cast(null as box) as box)) else pg_catalog.lseg(
      cast(cast(null as box) as box)) end
     > pg_catalog.lseg(
    cast(case when (cast(nullif(cast(null as "timestamp"),
            cast(null as "timestamp")) as "timestamp") = cast(null as "timestamp")) 
        or (pg_catalog.int2(
            cast(cast(null as "numeric") as "numeric")) >= subq_0.c4) then case when false <= case when true then true else true end
             then case when cast(null as tsvector) >= cast(null as tsvector) then cast(null as box) else cast(null as box) end
           else case when cast(null as tsvector) >= cast(null as tsvector) then cast(null as box) else cast(null as box) end
           end
         else case when false <= case when true then true else true end
             then case when cast(null as tsvector) >= cast(null as tsvector) then cast(null as box) else cast(null as box) end
           else case when cast(null as tsvector) >= cast(null as tsvector) then cast(null as box) else cast(null as box) end
           end
         end
       as box))
limit 173;
select  
  sample_0.l_suppkey as c0, 
  
    pg_catalog.corr(
      cast(cast(null as float8) as float8),
      cast(cast(nullif(cast(null as float8),
        cast(nullif(cast(null as float8),
          cast(null as float8)) as float8)) as float8) as float8)) over (partition by subq_1.c2 order by subq_1.c4) as c1, 
  (select pg_catalog.min(ps_partkey) from public.partsupp)
     as c2, 
  pg_catalog.pg_stat_get_bgwriter_stat_reset_time() as c3, 
  (select l_shipinstruct from public.lineitem limit 1 offset 4)
     as c4
from 
  public.lineitem as sample_0 tablesample bernoulli (8.9) ,
  lateral (select  
        pg_catalog.pg_stat_clear_snapshot() as c0, 
        sample_0.l_extendedprice as c1, 
        sample_1.o_clerk as c2, 
        sample_1.o_orderdate as c3, 
        sample_0.l_shipdate as c4
      from 
        public.orders as sample_1 tablesample system (4.3) ,
        lateral (select  
              sample_1.o_orderpriority as c0, 
              sample_1.o_orderdate as c1
            from 
              public.orders as sample_2 tablesample system (3.7) 
            where (cast(null as path) <= cast(null as path)) 
              and (false)) as subq_0
      where pg_catalog.overlay(
          cast(pg_catalog.pg_export_snapshot() as text),
          cast(cast(coalesce(cast(null as text),
            cast(null as text)) as text) as text),
          cast(sample_1.o_custkey as int4)) ~>~ cast(nullif(pg_catalog.pg_export_snapshot(),
          cast(null as text)) as text)) as subq_1
where sample_0.l_orderkey >= pg_catalog.int2mul(
    cast(pg_catalog.int2(
      cast(pg_catalog.pg_stat_get_bgwriter_maxwritten_clean() as int8)) as int2),
    cast(cast(null as int2) as int2));
select  
  ref_0.p_comment as c0, 
  ref_0.p_container as c1, 
  pg_catalog.pg_trigger_depth() as c2, 
  pg_catalog.json_build_object() as c3, 
  
    pg_catalog.stddev_samp(
      cast(ref_0.p_partkey as int4)) over (partition by ref_0.p_name,ref_0.p_retailprice order by ref_0.p_mfgr) as c4, 
  ref_0.p_retailprice as c5
from 
  public.part as ref_0
where pg_catalog.date_pl_interval(
    cast(cast(null as date) as date),
    cast(cast(nullif(cast(null as "interval"),
      cast(null as "interval")) as "interval") as "interval")) = case when EXISTS (
      select  
          sample_0.n_name as c0, 
          sample_0.n_name as c1, 
          ref_0.p_size as c2, 
          ref_0.p_container as c3, 
          sample_0.n_comment as c4
        from 
          public.nation as sample_0 tablesample bernoulli (8.7) 
        where EXISTS (
          select  
              sample_0.n_comment as c0, 
              ref_0.p_brand as c1, 
              ref_0.p_mfgr as c2, 
              ref_0.p_size as c3, 
              ref_0.p_name as c4
            from 
              public.nation as sample_1 tablesample bernoulli (6) 
            where cast(null as "timestamp") > cast(null as "timestamp"))
        limit 76) then pg_catalog.date_larger(
      cast(case when cast(null as jsonb) <> case when ref_0.p_type is not NULL then cast(null as jsonb) else cast(null as jsonb) end
             then (select o_orderdate from public.orders limit 1 offset 4)
           else (select o_orderdate from public.orders limit 1 offset 4)
           end
         as date),
      cast((select o_orderdate from public.orders limit 1 offset 3)
         as date)) else pg_catalog.date_larger(
      cast(case when cast(null as jsonb) <> case when ref_0.p_type is not NULL then cast(null as jsonb) else cast(null as jsonb) end
             then (select o_orderdate from public.orders limit 1 offset 4)
           else (select o_orderdate from public.orders limit 1 offset 4)
           end
         as date),
      cast((select o_orderdate from public.orders limit 1 offset 3)
         as date)) end
    ;
select  
  
    pg_catalog.sum(
      cast(cast(nullif(pg_catalog.pg_stat_get_buf_fsync_backend(),
        case when (cast(null as point) @ cast(null as lseg)) 
            or (subq_0.c0 is not NULL) then pg_catalog.pg_stat_get_bgwriter_buf_written_clean() else pg_catalog.pg_stat_get_bgwriter_buf_written_clean() end
          ) as int8) as int8)) over (partition by subq_0.c0,subq_0.c0 order by subq_0.c0,subq_0.c0) as c0, 
  
    pg_catalog.json_object_agg(
      cast(cast(null as "any") as "any"),
      cast(cast(null as "any") as "any")) over (partition by subq_0.c0 order by subq_0.c0,subq_0.c0,subq_0.c0,subq_0.c0) as c1, 
  pg_catalog.pg_stat_get_checkpoint_write_time() as c2, 
  pg_catalog.pg_advisory_unlock_all() as c3, 
  subq_0.c0 as c4, 
  subq_0.c0 as c5, 
  (select r_comment from public.region limit 1 offset 6)
     as c6, 
  subq_0.c0 as c7, 
  subq_0.c0 as c8, 
  subq_0.c0 as c9, 
  subq_0.c0 as c10, 
  subq_0.c0 as c11
from 
  (select  
        ref_0.c_custkey as c0
      from 
        public.customer as ref_0
          left join public.customer as ref_1
          on (cast(null as tid) > cast(null as tid))
      where EXISTS (
        select  
            ref_2.s_comment as c0, 
            (select c_nationkey from public.customer limit 1 offset 5)
               as c1
          from 
            public.supplier as ref_2
          where false
          limit 148)
      limit 81) as subq_0
where EXISTS (
  select  
      subq_0.c0 as c0, 
      subq_0.c0 as c1
    from 
      public.nation as sample_0 tablesample bernoulli (8.1) 
    where EXISTS (
      select  
          (select pg_catalog.var_samp(s_acctbal) from public.supplier)
             as c0, 
          subq_0.c0 as c1, 
          ref_3.r_comment as c2, 
          sample_0.n_nationkey as c3, 
          sample_0.n_name as c4, 
          subq_0.c0 as c5, 
          sample_0.n_regionkey as c6, 
          subq_0.c0 as c7, 
          ref_3.r_name as c8
        from 
          public.region as ref_3
        where true
        limit 120)
    limit 23)
limit 107;
WITH 
jennifer_0 AS (select  
    (select p_name from public.part limit 1 offset 4)
       as c0
  from 
    public.orders as sample_0 tablesample system (6.5) 
      inner join public.supplier as sample_1 tablesample system (8.1) 
        inner join public.nation as sample_2 tablesample system (8.8) 
        on (cast(null as "bit") > cast(null as "bit"))
      on (sample_0.o_orderkey = sample_1.s_suppkey )
  where (case when pg_catalog.macaddr_and(
            cast(cast(null as macaddr) as macaddr),
            cast(cast(null as macaddr) as macaddr)) >= cast(coalesce(cast(null as macaddr),
            cast(null as macaddr)) as macaddr) then case when cast(null as "char") > cast(null as "char") then cast(null as int2vector) else cast(null as int2vector) end
           else case when cast(null as "char") > cast(null as "char") then cast(null as int2vector) else cast(null as int2vector) end
           end
         = case when EXISTS (
          select  
              sample_1.s_acctbal as c0, 
              sample_0.o_custkey as c1, 
              sample_0.o_orderstatus as c2, 
              sample_0.o_totalprice as c3, 
              sample_0.o_custkey as c4, 
              ref_1.n_name as c5, 
              sample_2.n_regionkey as c6, 
              ref_1.n_name as c7, 
              sample_1.s_comment as c8, 
              ref_0.s_comment as c9, 
              (select pg_catalog.min(o_orderdate) from public.orders)
                 as c10, 
              45 as c11, 
              ref_1.n_comment as c12, 
              sample_0.o_orderdate as c13, 
              ref_0.s_comment as c14, 
              sample_1.s_nationkey as c15, 
              sample_0.o_clerk as c16, 
              (select n_regionkey from public.nation limit 1 offset 6)
                 as c17, 
              sample_2.n_regionkey as c18
            from 
              public.supplier as ref_0
                inner join public.nation as ref_1
                on (sample_0.o_shippriority = cast(null as int2))
            where cast(null as tinterval) << cast(null as tinterval)
            limit 41) then pg_catalog.int2vectorin(
          cast(cast(null as cstring) as cstring)) else pg_catalog.int2vectorin(
          cast(cast(null as cstring) as cstring)) end
        ) 
    and (sample_1.s_phone is not NULL))
select  
    pg_catalog.unknownout(
      cast(case when (cast(null as int2) = sample_4.r_regionkey) 
          or (cast(null as cid) = cast(null as cid)) then cast(null as unknown) else cast(null as unknown) end
         as unknown)) as c0, 
    ref_2.n_regionkey as c1, 
    17 as c2, 
    subq_2.c1 as c3
  from 
    public.lineitem as sample_3 tablesample system (1.8) 
      left join public.region as sample_4 tablesample system (9) 
        inner join public.nation as ref_2
        on (EXISTS (
            select  
                sample_4.r_comment as c0, 
                sample_4.r_regionkey as c1, 
                sample_4.r_comment as c2, 
                ref_2.n_comment as c3, 
                sample_4.r_comment as c4, 
                sample_4.r_name as c5, 
                ref_2.n_nationkey as c6
              from 
                public.part as ref_3
              where true
              limit 48))
      on (cast(null as name) !~~ pg_catalog.timeofday()),
    lateral (select  
          ref_2.n_comment as c0, 
          sample_5.r_name as c1
        from 
          public.region as sample_5 tablesample system (5) ,
          lateral (select  
                sample_4.r_regionkey as c0, 
                sample_6.o_comment as c1, 
                sample_5.r_regionkey as c2, 
                sample_5.r_comment as c3, 
                sample_4.r_comment as c4
              from 
                public.orders as sample_6 tablesample system (2.8) 
              where cast(null as "timestamp") > sample_3.l_receiptdate
              limit 69) as subq_0,
          lateral (select  
                (select p_brand from public.part limit 1 offset 1)
                   as c0
              from 
                jennifer_0 as ref_4
              where (select pg_catalog.sum(c_custkey) from public.customer)
                   = cast(null as int2)
              limit 37) as subq_1
        where cast(nullif(cast(null as uuid),
            cast(null as uuid)) as uuid) >= cast(null as uuid)) as subq_2
  where EXISTS (
    select  
        ref_2.n_nationkey as c0, 
        sample_3.l_quantity as c1, 
        ref_2.n_nationkey as c2, 
        subq_2.c1 as c3, 
        ref_5.n_name as c4, 
        ref_5.n_comment as c5, 
        ref_2.n_comment as c6, 
        subq_2.c0 as c7, 
        sample_3.l_comment as c8, 
        sample_3.l_tax as c9, 
        ref_5.n_name as c10, 
        sample_4.r_regionkey as c11, 
        ref_5.n_name as c12, 
        sample_4.r_regionkey as c13
      from 
        public.nation as ref_5
      where case when (sample_4.r_comment is NULL) 
            or (EXISTS (
              select  
                  ref_6.ps_availqty as c0
                from 
                  public.partsupp as ref_6
                where ref_5.n_name ~<~ ref_2.n_name)) then cast(null as anyrange) else cast(null as anyrange) end
           @> cast(null as anyrange))
  limit 12
;
